Using pre-set license
Built from '2020.3/staging' branch; Version is '2020.3.5f1 (8095aa901b9b) revision 8426922'; Using compiler version '192528614'; Build Type 'Release'
OS: 'Windows 10 Home; OS build 19043.1526; Version 2009; 64bit' Language: 'en' Physical Memory: 16322 MB
BatchMode: 1, IsHumanControllingUs: 0, StartBugReporterOnCrash: 0, Is64bit: 1, IsPro: 0

 COMMAND LINE ARGUMENTS:
D:\Program Files\Unity\Hub\Editor\2020.3.5f1\Editor\Unity.exe
-adb2
-batchMode
-noUpm
-name
AssetImportWorker0
-projectPath
D:/AIE/UnityPhysics/PhysicsCharacter
-logFile
Logs/AssetImportWorker0.log
-srvPort
54380
Successfully changed project path to: D:/AIE/UnityPhysics/PhysicsCharacter
D:/AIE/UnityPhysics/PhysicsCharacter
Using Asset Import Pipeline V2.
Refreshing native plugins compatible for Editor in 19.40 ms, found 0 plugins.
Preloading 0 native plugins for Editor in 0.00 ms.
Initialize engine version: 2020.3.5f1 (8095aa901b9b)
[Subsystems] Discovering subsystems at path D:/Program Files/Unity/Hub/Editor/2020.3.5f1/Editor/Data/Resources/UnitySubsystems
[Subsystems] Discovering subsystems at path D:/AIE/UnityPhysics/PhysicsCharacter/Assets
GfxDevice: creating device client; threaded=0
Direct3D:
    Version:  Direct3D 11.0 [level 11.1]
    Renderer: NVIDIA GeForce RTX 2080 (ID=0x1e82)
    Vendor:   
    VRAM:     8010 MB
    Driver:   30.0.14.7280
Initialize mono
Mono path[0] = 'D:/Program Files/Unity/Hub/Editor/2020.3.5f1/Editor/Data/Managed'
Mono path[1] = 'D:/Program Files/Unity/Hub/Editor/2020.3.5f1/Editor/Data/MonoBleedingEdge/lib/mono/unityjit'
Mono config path = 'D:/Program Files/Unity/Hub/Editor/2020.3.5f1/Editor/Data/MonoBleedingEdge/etc'
Using monoOptions --debugger-agent=transport=dt_socket,embedding=1,server=y,suspend=n,address=127.0.0.1:56916
Begin MonoManager ReloadAssembly
Registering precompiled unity dll's ...
Register platform support module: D:/Program Files/Unity/Hub/Editor/2020.3.5f1/Editor/Data/PlaybackEngines/WebGLSupport/UnityEditor.WebGL.Extensions.dll
Register platform support module: D:/Program Files/Unity/Hub/Editor/2020.3.5f1/Editor/Data/PlaybackEngines/WindowsStandaloneSupport/UnityEditor.WindowsStandalone.Extensions.dll
Registered in 0.001508 seconds.
Native extension for WindowsStandalone target not found
Native extension for WebGL target not found
Refreshing native plugins compatible for Editor in 19.14 ms, found 0 plugins.
Preloading 0 native plugins for Editor in 0.00 ms.
Mono: successfully reloaded assembly
- Completed reload, in  1.885 seconds
Platform modules already initialized, skipping
Registering precompiled user dll's ...
Registered in 0.000505 seconds.
Begin MonoManager ReloadAssembly
Native extension for WindowsStandalone target not found
Native extension for WebGL target not found
Refreshing native plugins compatible for Editor in 0.20 ms, found 0 plugins.
Preloading 0 native plugins for Editor in 0.00 ms.
Mono: successfully reloaded assembly
- Completed reload, in  0.716 seconds
Platform modules already initialized, skipping
========================================================================
Worker process is ready to serve import requests
Launched and connected shader compiler UnityShaderCompiler.exe after 0.04 seconds
Refreshing native plugins compatible for Editor in 0.23 ms, found 0 plugins.
Preloading 0 native plugins for Editor in 0.00 ms.
Unloading 1117 Unused Serialized files (Serialized files now loaded: 0)
System memory in use before: 57.2 MB.
System memory in use after: 57.2 MB.

Unloading 10 unused Assets to reduce memory usage. Loaded Objects now: 1559.
Total: 1.519200 ms (FindLiveObjects: 0.113800 ms CreateObjectMapping: 0.034200 ms MarkObjects: 1.315100 ms  DeleteObjects: 0.055300 ms)

========================================================================
Received Import Request.
  path: Assets/Scripts/CharacterMover.cs
  artifactKey: Guid(11c02ca873ae5d8479f77880f7ff54b5) Importer(815301076,1909f56bfc062723c751e8b465ee728b)
Start importing Assets/Scripts/CharacterMover.cs using Guid(11c02ca873ae5d8479f77880f7ff54b5) Importer(815301076,1909f56bfc062723c751e8b465ee728b)  -> (artifact id: 'ed8467f1164d8ffa1e1af6f9a59f7c4b') in 0.025077 seconds
  Import took 0.026711 seconds .

========================================================================
Received Import Request.
  Time since last request: 0.000259 seconds.
  path: Assets/Scripts/CameraController.cs
  artifactKey: Guid(d886d10377c652b4fa6606aa36d3c718) Importer(815301076,1909f56bfc062723c751e8b465ee728b)
Start importing Assets/Scripts/CameraController.cs using Guid(d886d10377c652b4fa6606aa36d3c718) Importer(815301076,1909f56bfc062723c751e8b465ee728b)  -> (artifact id: '33b437cd6ae602941f45a07e59804522') in 0.006805 seconds
  Import took 0.008288 seconds .

========================================================================
Received Import Request.
  Time since last request: 25.982291 seconds.
  path: Assets/Scripts/CharacterMover.cs
  artifactKey: Guid(11c02ca873ae5d8479f77880f7ff54b5) Importer(815301076,1909f56bfc062723c751e8b465ee728b)
Start importing Assets/Scripts/CharacterMover.cs using Guid(11c02ca873ae5d8479f77880f7ff54b5) Importer(815301076,1909f56bfc062723c751e8b465ee728b)  -> (artifact id: '1df3ea2bdc71a33dba8956e08e16e80b') in 0.003207 seconds
  Import took 0.005167 seconds .

========================================================================
Received Import Request.
  Time since last request: 0.002577 seconds.
  path: Assets/Scripts/CharacterMover.cs
  artifactKey: Guid(11c02ca873ae5d8479f77880f7ff54b5) Importer(815301076,1909f56bfc062723c751e8b465ee728b)
Start importing Assets/Scripts/CharacterMover.cs using Guid(11c02ca873ae5d8479f77880f7ff54b5) Importer(815301076,1909f56bfc062723c751e8b465ee728b)  -> (artifact id: '1df3ea2bdc71a33dba8956e08e16e80b') in 0.001572 seconds
  Import took 0.003206 seconds .

========================================================================
Received Import Request.
  Time since last request: 106.054462 seconds.
  path: Assets/Scripts/CharacterMover.cs
  artifactKey: Guid(11c02ca873ae5d8479f77880f7ff54b5) Importer(815301076,1909f56bfc062723c751e8b465ee728b)
Start importing Assets/Scripts/CharacterMover.cs using Guid(11c02ca873ae5d8479f77880f7ff54b5) Importer(815301076,1909f56bfc062723c751e8b465ee728b)  -> (artifact id: '52770a2dc4ed635a186d5ded0736fe2b') in 0.004667 seconds
  Import took 0.009428 seconds .

========================================================================
Received Import Request.
  Time since last request: 0.000569 seconds.
  path: Assets/Scripts/CharacterMover.cs
  artifactKey: Guid(11c02ca873ae5d8479f77880f7ff54b5) Importer(815301076,1909f56bfc062723c751e8b465ee728b)
Start importing Assets/Scripts/CharacterMover.cs using Guid(11c02ca873ae5d8479f77880f7ff54b5) Importer(815301076,1909f56bfc062723c751e8b465ee728b)  -> (artifact id: '52770a2dc4ed635a186d5ded0736fe2b') in 0.003397 seconds
  Import took 0.006819 seconds .

========================================================================
Received Prepare
Registering precompiled user dll's ...
Registered in 0.000538 seconds.
Begin MonoManager ReloadAssembly
Native extension for WindowsStandalone target not found
Native extension for WebGL target not found
Refreshing native plugins compatible for Editor in 0.17 ms, found 0 plugins.
Preloading 0 native plugins for Editor in 0.00 ms.
Mono: successfully reloaded assembly
- Completed reload, in  0.761 seconds
Platform modules already initialized, skipping
Refreshing native plugins compatible for Editor in 0.17 ms, found 0 plugins.
Preloading 0 native plugins for Editor in 0.00 ms.
Unloading 1112 Unused Serialized files (Serialized files now loaded: 0)
System memory in use before: 57.1 MB.
System memory in use after: 57.2 MB.

Unloading 5 unused Assets to reduce memory usage. Loaded Objects now: 1562.
Total: 1.421800 ms (FindLiveObjects: 0.161700 ms CreateObjectMapping: 0.030700 ms MarkObjects: 1.184700 ms  DeleteObjects: 0.043400 ms)

========================================================================
Received Prepare
Registering precompiled user dll's ...
Registered in 0.000853 seconds.
Begin MonoManager ReloadAssembly
Native extension for WindowsStandalone target not found
Native extension for WebGL target not found
Refreshing native plugins compatible for Editor in 0.17 ms, found 0 plugins.
Preloading 0 native plugins for Editor in 0.00 ms.
Mono: successfully reloaded assembly
- Completed reload, in  0.720 seconds
Platform modules already initialized, skipping
Refreshing native plugins compatible for Editor in 0.17 ms, found 0 plugins.
Preloading 0 native plugins for Editor in 0.00 ms.
Unloading 1112 Unused Serialized files (Serialized files now loaded: 0)
System memory in use before: 57.2 MB.
System memory in use after: 57.2 MB.

Unloading 5 unused Assets to reduce memory usage. Loaded Objects now: 1565.
Total: 1.780200 ms (FindLiveObjects: 0.101100 ms CreateObjectMapping: 0.027000 ms MarkObjects: 1.605000 ms  DeleteObjects: 0.045800 ms)

========================================================================
Received Prepare
Registering precompiled user dll's ...
Registered in 0.000566 seconds.
Begin MonoManager ReloadAssembly
Native extension for WindowsStandalone target not found
Native extension for WebGL target not found
Refreshing native plugins compatible for Editor in 0.17 ms, found 0 plugins.
Preloading 0 native plugins for Editor in 0.00 ms.
Mono: successfully reloaded assembly
- Completed reload, in  0.671 seconds
Platform modules already initialized, skipping
Refreshing native plugins compatible for Editor in 0.17 ms, found 0 plugins.
Preloading 0 native plugins for Editor in 0.00 ms.
Unloading 1112 Unused Serialized files (Serialized files now loaded: 0)
System memory in use before: 57.2 MB.
System memory in use after: 57.2 MB.

Unloading 5 unused Assets to reduce memory usage. Loaded Objects now: 1568.
Total: 1.820500 ms (FindLiveObjects: 0.112700 ms CreateObjectMapping: 0.030500 ms MarkObjects: 1.593500 ms  DeleteObjects: 0.082400 ms)

========================================================================
Received Prepare
Registering precompiled user dll's ...
Registered in 0.000890 seconds.
Begin MonoManager ReloadAssembly
Native extension for WindowsStandalone target not found
Native extension for WebGL target not found
Refreshing native plugins compatible for Editor in 0.28 ms, found 0 plugins.
Preloading 0 native plugins for Editor in 0.00 ms.
Mono: successfully reloaded assembly
- Completed reload, in  0.651 seconds
Platform modules already initialized, skipping
Refreshing native plugins compatible for Editor in 0.17 ms, found 0 plugins.
Preloading 0 native plugins for Editor in 0.00 ms.
Unloading 1112 Unused Serialized files (Serialized files now loaded: 0)
System memory in use before: 57.2 MB.
System memory in use after: 57.3 MB.

Unloading 5 unused Assets to reduce memory usage. Loaded Objects now: 1571.
Total: 1.339700 ms (FindLiveObjects: 0.121800 ms CreateObjectMapping: 0.028900 ms MarkObjects: 1.137500 ms  DeleteObjects: 0.050700 ms)

========================================================================
Received Import Request.
  Time since last request: 1874.222573 seconds.
  path: Assets/Models
  artifactKey: Guid(a847a647771f8c04db3848914f079900) Importer(815301076,1909f56bfc062723c751e8b465ee728b)
Start importing Assets/Models using Guid(a847a647771f8c04db3848914f079900) Importer(815301076,1909f56bfc062723c751e8b465ee728b)  -> (artifact id: '33d5e7b8c2ec3394744aa1e95fb9b1a1') in 0.007526 seconds
  Import took 0.009259 seconds .

========================================================================
Received Import Request.
  Time since last request: 0.035194 seconds.
  path: Assets/Models/Beta.fbx
  artifactKey: Guid(ce0ade250dd89fb4db696e173375dc69) Importer(815301076,1909f56bfc062723c751e8b465ee728b)
Start importing Assets/Models/Beta.fbx using Guid(ce0ade250dd89fb4db696e173375dc69) Importer(815301076,1909f56bfc062723c751e8b465ee728b)  -> (artifact id: '47422b29bafcdb7ce9f39e8f690edf40') in 0.160519 seconds
  Import took 0.162766 seconds .

========================================================================
Received Import Request.
  Time since last request: 0.000261 seconds.
  path: Assets/Models/Beta@t_pose.fbx
  artifactKey: Guid(5090bd53e57b9314fbf61eb8fe45dd07) Importer(815301076,1909f56bfc062723c751e8b465ee728b)
Start importing Assets/Models/Beta@t_pose.fbx using Guid(5090bd53e57b9314fbf61eb8fe45dd07) Importer(815301076,1909f56bfc062723c751e8b465ee728b)  -> (artifact id: '106a81ff4b1329d8f5e003e8a9ded7cb') in 0.008294 seconds
  Import took 0.010523 seconds .

========================================================================
Received Import Request.
  Time since last request: 0.000290 seconds.
  path: Assets/Models/Beta@walking.fbx
  artifactKey: Guid(1cb92373f5c740e4ba20955d0656043a) Importer(815301076,1909f56bfc062723c751e8b465ee728b)
Start importing Assets/Models/Beta@walking.fbx using Guid(1cb92373f5c740e4ba20955d0656043a) Importer(815301076,1909f56bfc062723c751e8b465ee728b)  -> (artifact id: '0f3cc0ce78f72a2249d3d991cb75a8f8') in 0.008053 seconds
  Import took 0.010174 seconds .

========================================================================
Received Import Request.
  Time since last request: 160.047069 seconds.
  path: Assets/Models/Materials
  artifactKey: Guid(829ee29aeebc4854fb4bd8afec88aeeb) Importer(815301076,1909f56bfc062723c751e8b465ee728b)
Start importing Assets/Models/Materials using Guid(829ee29aeebc4854fb4bd8afec88aeeb) Importer(815301076,1909f56bfc062723c751e8b465ee728b)  -> (artifact id: '0ee7a4e2b46996108e7dda810b3a3549') in 0.006431 seconds
  Import took 0.008106 seconds .

========================================================================
Received Import Request.
  Time since last request: 0.265728 seconds.
  path: Assets/Models/Materials/Beta_Body_MAT.mat
  artifactKey: Guid(a4222ea720ffa2f4b868adc1ddd708c7) Importer(815301076,1909f56bfc062723c751e8b465ee728b)
Start importing Assets/Models/Materials/Beta_Body_MAT.mat using Guid(a4222ea720ffa2f4b868adc1ddd708c7) Importer(815301076,1909f56bfc062723c751e8b465ee728b)  -> (artifact id: '0275c87d9e1432079f950596137a7c29') in 0.045626 seconds
  Import took 0.047788 seconds .

========================================================================
Received Import Request.
  Time since last request: 0.000302 seconds.
  path: Assets/Models/Materials/Beta_Joints_MAT.mat
  artifactKey: Guid(85ef6f5bfdb9c0e42a5c581190c5aa9f) Importer(815301076,1909f56bfc062723c751e8b465ee728b)
Start importing Assets/Models/Materials/Beta_Joints_MAT.mat using Guid(85ef6f5bfdb9c0e42a5c581190c5aa9f) Importer(815301076,1909f56bfc062723c751e8b465ee728b)  -> (artifact id: '4898d46e2e755db5b23d923992c5ed8c') in 0.012573 seconds
  Import took 0.017487 seconds .

========================================================================
Received Import Request.
  Time since last request: 0.004956 seconds.
  path: Assets/Models/Materials/Beta_Joints_MAT.mat
  artifactKey: Guid(85ef6f5bfdb9c0e42a5c581190c5aa9f) Importer(815301076,1909f56bfc062723c751e8b465ee728b)
Start importing Assets/Models/Materials/Beta_Joints_MAT.mat using Guid(85ef6f5bfdb9c0e42a5c581190c5aa9f) Importer(815301076,1909f56bfc062723c751e8b465ee728b)  -> (artifact id: '4898d46e2e755db5b23d923992c5ed8c') in 0.007539 seconds
  Import took 0.009432 seconds .

========================================================================
Received Prepare
Registering precompiled user dll's ...
Registered in 0.001182 seconds.
Begin MonoManager ReloadAssembly
Native extension for WindowsStandalone target not found
Native extension for WebGL target not found
Refreshing native plugins compatible for Editor in 0.17 ms, found 0 plugins.
Preloading 0 native plugins for Editor in 0.00 ms.
Mono: successfully reloaded assembly
- Completed reload, in  0.794 seconds
Platform modules already initialized, skipping
Refreshing native plugins compatible for Editor in 0.26 ms, found 0 plugins.
Preloading 0 native plugins for Editor in 0.00 ms.
Unloading 1112 Unused Serialized files (Serialized files now loaded: 0)
System memory in use before: 74.2 MB.
System memory in use after: 74.3 MB.

Unloading 5 unused Assets to reduce memory usage. Loaded Objects now: 1618.
Total: 1.664700 ms (FindLiveObjects: 0.115300 ms CreateObjectMapping: 0.027400 ms MarkObjects: 1.461800 ms  DeleteObjects: 0.059300 ms)

========================================================================
Received Import Request.
  Time since last request: 71.500843 seconds.
  path: Assets/Character
  artifactKey: Guid(278dfe38f60b291428b072ebcdc804f4) Importer(815301076,1909f56bfc062723c751e8b465ee728b)
Start importing Assets/Character using Guid(278dfe38f60b291428b072ebcdc804f4) Importer(815301076,1909f56bfc062723c751e8b465ee728b)  -> (artifact id: '02b687b40011c2c48250b5ed436b23ef') in 0.007833 seconds
  Import took 0.009593 seconds .

========================================================================
Received Import Request.
  Time since last request: 0.028800 seconds.
  path: Assets/Character/Beta.fbx
  artifactKey: Guid(2dc526a87c49416478b13f971cef333c) Importer(815301076,1909f56bfc062723c751e8b465ee728b)
Start importing Assets/Character/Beta.fbx using Guid(2dc526a87c49416478b13f971cef333c) Importer(815301076,1909f56bfc062723c751e8b465ee728b)  -> (artifact id: '9d8cef8a0de4e4e6c25f76f080495a4c') in 0.105348 seconds
  Import took 0.107883 seconds .

========================================================================
Received Import Request.
  Time since last request: 0.000290 seconds.
  path: Assets/Character/HumanoidCrouch.fbx
  artifactKey: Guid(d89ea37480b6d75458aa38843e9688dc) Importer(815301076,1909f56bfc062723c751e8b465ee728b)
Start importing Assets/Character/HumanoidCrouch.fbx using Guid(d89ea37480b6d75458aa38843e9688dc) Importer(815301076,1909f56bfc062723c751e8b465ee728b)  -> (artifact id: '8fe20fe2c7b5fc8747f55f36b558d676') in 0.011698 seconds
  Import took 0.014184 seconds .

========================================================================
Received Import Request.
  Time since last request: 0.000263 seconds.
  path: Assets/Character/HumanoidIdle.fbx
  artifactKey: Guid(dffa50cfe77e0434bbfa71245b3dd529) Importer(815301076,1909f56bfc062723c751e8b465ee728b)
Start importing Assets/Character/HumanoidIdle.fbx using Guid(dffa50cfe77e0434bbfa71245b3dd529) Importer(815301076,1909f56bfc062723c751e8b465ee728b)  -> (artifact id: '731d977d20c62641234eb7a97702407d') in 0.011942 seconds
  Import took 0.014130 seconds .

========================================================================
Received Import Request.
  Time since last request: 0.000229 seconds.
  path: Assets/Character/HumanoidRun.fbx
  artifactKey: Guid(1cb8ed3cbba15f0479fbae54e0a963df) Importer(815301076,1909f56bfc062723c751e8b465ee728b)
Start importing Assets/Character/HumanoidRun.fbx using Guid(1cb8ed3cbba15f0479fbae54e0a963df) Importer(815301076,1909f56bfc062723c751e8b465ee728b)  -> (artifact id: 'f84547d60ae09d69e4d28920c94d134f') in 0.008804 seconds
  Import took 0.010669 seconds .

========================================================================
Received Import Request.
  Time since last request: 0.000251 seconds.
  path: Assets/Character/HumanoidMidAir.fbx
  artifactKey: Guid(f03e10c73f30b4ab4aa8ea8f1cc16d36) Importer(815301076,1909f56bfc062723c751e8b465ee728b)
Start importing Assets/Character/HumanoidMidAir.fbx using Guid(f03e10c73f30b4ab4aa8ea8f1cc16d36) Importer(815301076,1909f56bfc062723c751e8b465ee728b)  -> (artifact id: '350a5e735f4ff05f64d7612c91f47cab') in 0.008932 seconds
  Import took 0.011506 seconds .

========================================================================
Received Import Request.
  Time since last request: 6.559953 seconds.
  path: Assets/Character/Beta Controller.controller
  artifactKey: Guid(98d9bbc4f19955d4a8fe0917ff996b29) Importer(815301076,1909f56bfc062723c751e8b465ee728b)
Start importing Assets/Character/Beta Controller.controller using Guid(98d9bbc4f19955d4a8fe0917ff996b29) Importer(815301076,1909f56bfc062723c751e8b465ee728b)  -> (artifact id: 'ff2f1c8c93f7b40be4d9e669dd31c69b') in 0.012796 seconds
  Import took 0.014878 seconds .

========================================================================
Received Prepare
Registering precompiled user dll's ...
Registered in 0.000795 seconds.
Begin MonoManager ReloadAssembly
Native extension for WindowsStandalone target not found
Native extension for WebGL target not found
Refreshing native plugins compatible for Editor in 0.20 ms, found 0 plugins.
Preloading 0 native plugins for Editor in 0.00 ms.
Mono: successfully reloaded assembly
- Completed reload, in  0.727 seconds
Platform modules already initialized, skipping
Refreshing native plugins compatible for Editor in 0.21 ms, found 0 plugins.
Preloading 0 native plugins for Editor in 0.00 ms.
Unloading 1112 Unused Serialized files (Serialized files now loaded: 0)
System memory in use before: 74.3 MB.
System memory in use after: 74.4 MB.

Unloading 5 unused Assets to reduce memory usage. Loaded Objects now: 1622.
Total: 1.467000 ms (FindLiveObjects: 0.113600 ms CreateObjectMapping: 0.028700 ms MarkObjects: 1.281400 ms  DeleteObjects: 0.042200 ms)

========================================================================
Received Prepare
Registering precompiled user dll's ...
Registered in 0.000633 seconds.
Begin MonoManager ReloadAssembly
Native extension for WindowsStandalone target not found
Native extension for WebGL target not found
Refreshing native plugins compatible for Editor in 0.18 ms, found 0 plugins.
Preloading 0 native plugins for Editor in 0.00 ms.
Mono: successfully reloaded assembly
- Completed reload, in  0.792 seconds
Platform modules already initialized, skipping
Refreshing native plugins compatible for Editor in 0.22 ms, found 0 plugins.
Preloading 0 native plugins for Editor in 0.00 ms.
Unloading 1112 Unused Serialized files (Serialized files now loaded: 0)
System memory in use before: 74.3 MB.
System memory in use after: 74.4 MB.

Unloading 5 unused Assets to reduce memory usage. Loaded Objects now: 1625.
Total: 2.103400 ms (FindLiveObjects: 0.132900 ms CreateObjectMapping: 0.037100 ms MarkObjects: 1.861300 ms  DeleteObjects: 0.070500 ms)

========================================================================
Received Prepare
Registering precompiled user dll's ...
Registered in 0.000788 seconds.
Begin MonoManager ReloadAssembly
Native extension for WindowsStandalone target not found
Native extension for WebGL target not found
Refreshing native plugins compatible for Editor in 0.22 ms, found 0 plugins.
Preloading 0 native plugins for Editor in 0.00 ms.
Mono: successfully reloaded assembly
- Completed reload, in  0.793 seconds
Platform modules already initialized, skipping
Refreshing native plugins compatible for Editor in 0.17 ms, found 0 plugins.
Preloading 0 native plugins for Editor in 0.00 ms.
Unloading 1112 Unused Serialized files (Serialized files now loaded: 0)
System memory in use before: 74.3 MB.
System memory in use after: 74.4 MB.

Unloading 5 unused Assets to reduce memory usage. Loaded Objects now: 1628.
Total: 2.125000 ms (FindLiveObjects: 0.191600 ms CreateObjectMapping: 0.048200 ms MarkObjects: 1.820300 ms  DeleteObjects: 0.062400 ms)

========================================================================
Received Prepare
Registering precompiled user dll's ...
Registered in 0.000633 seconds.
Begin MonoManager ReloadAssembly
Native extension for WindowsStandalone target not found
Native extension for WebGL target not found
Refreshing native plugins compatible for Editor in 0.20 ms, found 0 plugins.
Preloading 0 native plugins for Editor in 0.00 ms.
Mono: successfully reloaded assembly
- Completed reload, in  0.809 seconds
Platform modules already initialized, skipping
Refreshing native plugins compatible for Editor in 0.20 ms, found 0 plugins.
Preloading 0 native plugins for Editor in 0.00 ms.
Unloading 1112 Unused Serialized files (Serialized files now loaded: 0)
System memory in use before: 74.3 MB.
System memory in use after: 74.4 MB.

Unloading 5 unused Assets to reduce memory usage. Loaded Objects now: 1631.
Total: 1.467100 ms (FindLiveObjects: 0.134000 ms CreateObjectMapping: 0.043000 ms MarkObjects: 1.248700 ms  DeleteObjects: 0.040400 ms)

========================================================================
Received Prepare
Registering precompiled user dll's ...
Registered in 0.000671 seconds.
Begin MonoManager ReloadAssembly
Native extension for WindowsStandalone target not found
Native extension for WebGL target not found
Refreshing native plugins compatible for Editor in 0.19 ms, found 0 plugins.
Preloading 0 native plugins for Editor in 0.00 ms.
Mono: successfully reloaded assembly
- Completed reload, in  0.797 seconds
Platform modules already initialized, skipping
Refreshing native plugins compatible for Editor in 0.20 ms, found 0 plugins.
Preloading 0 native plugins for Editor in 0.00 ms.
Unloading 1112 Unused Serialized files (Serialized files now loaded: 0)
System memory in use before: 74.3 MB.
System memory in use after: 74.4 MB.

Unloading 5 unused Assets to reduce memory usage. Loaded Objects now: 1634.
Total: 1.660900 ms (FindLiveObjects: 0.156700 ms CreateObjectMapping: 0.037100 ms MarkObjects: 1.414900 ms  DeleteObjects: 0.051100 ms)

========================================================================
Received Prepare
Registering precompiled user dll's ...
Registered in 0.000591 seconds.
Begin MonoManager ReloadAssembly
Native extension for WindowsStandalone target not found
Native extension for WebGL target not found
Refreshing native plugins compatible for Editor in 0.17 ms, found 0 plugins.
Preloading 0 native plugins for Editor in 0.00 ms.
Mono: successfully reloaded assembly
- Completed reload, in  0.789 seconds
Platform modules already initialized, skipping
Refreshing native plugins compatible for Editor in 0.18 ms, found 0 plugins.
Preloading 0 native plugins for Editor in 0.00 ms.
Unloading 1112 Unused Serialized files (Serialized files now loaded: 0)
System memory in use before: 74.3 MB.
System memory in use after: 74.4 MB.

Unloading 5 unused Assets to reduce memory usage. Loaded Objects now: 1637.
Total: 1.368500 ms (FindLiveObjects: 0.112800 ms CreateObjectMapping: 0.028900 ms MarkObjects: 1.186800 ms  DeleteObjects: 0.039300 ms)

========================================================================
Received Prepare
Registering precompiled user dll's ...
Registered in 0.000769 seconds.
Begin MonoManager ReloadAssembly
Native extension for WindowsStandalone target not found
Native extension for WebGL target not found
Refreshing native plugins compatible for Editor in 0.26 ms, found 0 plugins.
Preloading 0 native plugins for Editor in 0.00 ms.
Mono: successfully reloaded assembly
- Completed reload, in  0.697 seconds
Platform modules already initialized, skipping
Refreshing native plugins compatible for Editor in 0.17 ms, found 0 plugins.
Preloading 0 native plugins for Editor in 0.00 ms.
Unloading 1112 Unused Serialized files (Serialized files now loaded: 0)
System memory in use before: 74.3 MB.
System memory in use after: 74.4 MB.

Unloading 5 unused Assets to reduce memory usage. Loaded Objects now: 1640.
Total: 1.326200 ms (FindLiveObjects: 0.107900 ms CreateObjectMapping: 0.027800 ms MarkObjects: 1.126400 ms  DeleteObjects: 0.063100 ms)

========================================================================
Received Prepare
Registering precompiled user dll's ...
Registered in 0.000729 seconds.
Begin MonoManager ReloadAssembly
Native extension for WindowsStandalone target not found
Native extension for WebGL target not found
Refreshing native plugins compatible for Editor in 0.18 ms, found 0 plugins.
Preloading 0 native plugins for Editor in 0.00 ms.
Mono: successfully reloaded assembly
- Completed reload, in  0.735 seconds
Platform modules already initialized, skipping
Refreshing native plugins compatible for Editor in 0.18 ms, found 0 plugins.
Preloading 0 native plugins for Editor in 0.00 ms.
Unloading 1112 Unused Serialized files (Serialized files now loaded: 0)
System memory in use before: 74.3 MB.
System memory in use after: 74.4 MB.

Unloading 5 unused Assets to reduce memory usage. Loaded Objects now: 1643.
Total: 1.765800 ms (FindLiveObjects: 0.182400 ms CreateObjectMapping: 0.038200 ms MarkObjects: 1.483500 ms  DeleteObjects: 0.059300 ms)

========================================================================
Received Prepare
Registering precompiled user dll's ...
Registered in 0.000777 seconds.
Begin MonoManager ReloadAssembly
Native extension for WindowsStandalone target not found
Native extension for WebGL target not found
Refreshing native plugins compatible for Editor in 0.23 ms, found 0 plugins.
Preloading 0 native plugins for Editor in 0.00 ms.
Mono: successfully reloaded assembly
- Completed reload, in  0.844 seconds
Platform modules already initialized, skipping
Refreshing native plugins compatible for Editor in 0.17 ms, found 0 plugins.
Preloading 0 native plugins for Editor in 0.00 ms.
Unloading 1112 Unused Serialized files (Serialized files now loaded: 0)
System memory in use before: 74.4 MB.
System memory in use after: 74.4 MB.

Unloading 5 unused Assets to reduce memory usage. Loaded Objects now: 1646.
Total: 14.330200 ms (FindLiveObjects: 0.140100 ms CreateObjectMapping: 0.045600 ms MarkObjects: 14.044800 ms  DeleteObjects: 0.098400 ms)

========================================================================
Received Prepare
Registering precompiled user dll's ...
Registered in 0.000659 seconds.
Begin MonoManager ReloadAssembly
Native extension for WindowsStandalone target not found
Native extension for WebGL target not found
Refreshing native plugins compatible for Editor in 0.25 ms, found 0 plugins.
Preloading 0 native plugins for Editor in 0.00 ms.
Mono: successfully reloaded assembly
- Completed reload, in  0.765 seconds
Platform modules already initialized, skipping
Refreshing native plugins compatible for Editor in 0.18 ms, found 0 plugins.
Preloading 0 native plugins for Editor in 0.00 ms.
Unloading 1112 Unused Serialized files (Serialized files now loaded: 0)
System memory in use before: 74.4 MB.
System memory in use after: 74.4 MB.

Unloading 5 unused Assets to reduce memory usage. Loaded Objects now: 1649.
Total: 1.671600 ms (FindLiveObjects: 0.147200 ms CreateObjectMapping: 0.061300 ms MarkObjects: 1.409100 ms  DeleteObjects: 0.052600 ms)

========================================================================
Received Prepare
Registering precompiled user dll's ...
Registered in 0.000559 seconds.
Begin MonoManager ReloadAssembly
Native extension for WindowsStandalone target not found
Native extension for WebGL target not found
Refreshing native plugins compatible for Editor in 0.17 ms, found 0 plugins.
Preloading 0 native plugins for Editor in 0.00 ms.
Mono: successfully reloaded assembly
- Completed reload, in  0.796 seconds
Platform modules already initialized, skipping
Refreshing native plugins compatible for Editor in 0.17 ms, found 0 plugins.
Preloading 0 native plugins for Editor in 0.00 ms.
Unloading 1112 Unused Serialized files (Serialized files now loaded: 0)
System memory in use before: 74.4 MB.
System memory in use after: 74.4 MB.

Unloading 5 unused Assets to reduce memory usage. Loaded Objects now: 1652.
Total: 1.560100 ms (FindLiveObjects: 0.144400 ms CreateObjectMapping: 0.032000 ms MarkObjects: 1.344500 ms  DeleteObjects: 0.038200 ms)

========================================================================
Received Prepare
Registering precompiled user dll's ...
Registered in 0.001079 seconds.
Begin MonoManager ReloadAssembly
Native extension for WindowsStandalone target not found
Native extension for WebGL target not found
Refreshing native plugins compatible for Editor in 0.28 ms, found 0 plugins.
Preloading 0 native plugins for Editor in 0.00 ms.
Mono: successfully reloaded assembly
- Completed reload, in  0.762 seconds
Platform modules already initialized, skipping
Refreshing native plugins compatible for Editor in 0.20 ms, found 0 plugins.
Preloading 0 native plugins for Editor in 0.00 ms.
Unloading 1112 Unused Serialized files (Serialized files now loaded: 0)
System memory in use before: 74.4 MB.
System memory in use after: 74.5 MB.

Unloading 5 unused Assets to reduce memory usage. Loaded Objects now: 1655.
Total: 1.916600 ms (FindLiveObjects: 0.223300 ms CreateObjectMapping: 0.065400 ms MarkObjects: 1.548600 ms  DeleteObjects: 0.077900 ms)

========================================================================
Received Prepare
Registering precompiled user dll's ...
Registered in 0.000447 seconds.
Begin MonoManager ReloadAssembly
Native extension for WindowsStandalone target not found
Native extension for WebGL target not found
Refreshing native plugins compatible for Editor in 0.19 ms, found 0 plugins.
Preloading 0 native plugins for Editor in 0.00 ms.
Mono: successfully reloaded assembly
- Completed reload, in  0.687 seconds
Platform modules already initialized, skipping
Refreshing native plugins compatible for Editor in 0.17 ms, found 0 plugins.
Preloading 0 native plugins for Editor in 0.00 ms.
Unloading 1112 Unused Serialized files (Serialized files now loaded: 0)
System memory in use before: 74.4 MB.
System memory in use after: 74.5 MB.

Unloading 5 unused Assets to reduce memory usage. Loaded Objects now: 1658.
Total: 1.239600 ms (FindLiveObjects: 0.109300 ms CreateObjectMapping: 0.028600 ms MarkObjects: 1.065400 ms  DeleteObjects: 0.035600 ms)

AssetImportWorkerClient::OnTransportError - code=2 error=End of file
