Using pre-set license
Built from '2020.3/staging' branch; Version is '2020.3.5f1 (8095aa901b9b) revision 8426922'; Using compiler version '192528614'; Build Type 'Release'
OS: 'Windows 10 Home; OS build 19043.1526; Version 2009; 64bit' Language: 'en' Physical Memory: 16322 MB
BatchMode: 1, IsHumanControllingUs: 0, StartBugReporterOnCrash: 0, Is64bit: 1, IsPro: 0

 COMMAND LINE ARGUMENTS:
D:\Program Files\Unity\Hub\Editor\2020.3.5f1\Editor\Unity.exe
-adb2
-batchMode
-noUpm
-name
AssetImportWorker0
-projectPath
D:/AIE/UnityPhysics/Y2Physics
-logFile
Logs/AssetImportWorker0.log
-srvPort
57284
Successfully changed project path to: D:/AIE/UnityPhysics/Y2Physics
D:/AIE/UnityPhysics/Y2Physics
Using Asset Import Pipeline V2.
Refreshing native plugins compatible for Editor in 18.71 ms, found 0 plugins.
Preloading 0 native plugins for Editor in 0.00 ms.
Initialize engine version: 2020.3.5f1 (8095aa901b9b)
[Subsystems] Discovering subsystems at path D:/Program Files/Unity/Hub/Editor/2020.3.5f1/Editor/Data/Resources/UnitySubsystems
[Subsystems] Discovering subsystems at path D:/AIE/UnityPhysics/Y2Physics/Assets
GfxDevice: creating device client; threaded=0
Direct3D:
    Version:  Direct3D 11.0 [level 11.1]
    Renderer: NVIDIA GeForce RTX 2080 (ID=0x1e82)
    Vendor:   
    VRAM:     8010 MB
    Driver:   30.0.14.7280
Initialize mono
Mono path[0] = 'D:/Program Files/Unity/Hub/Editor/2020.3.5f1/Editor/Data/Managed'
Mono path[1] = 'D:/Program Files/Unity/Hub/Editor/2020.3.5f1/Editor/Data/MonoBleedingEdge/lib/mono/unityjit'
Mono config path = 'D:/Program Files/Unity/Hub/Editor/2020.3.5f1/Editor/Data/MonoBleedingEdge/etc'
Using monoOptions --debugger-agent=transport=dt_socket,embedding=1,server=y,suspend=n,address=127.0.0.1:56320
Begin MonoManager ReloadAssembly
Registering precompiled unity dll's ...
Register platform support module: D:/Program Files/Unity/Hub/Editor/2020.3.5f1/Editor/Data/PlaybackEngines/WebGLSupport/UnityEditor.WebGL.Extensions.dll
Register platform support module: D:/Program Files/Unity/Hub/Editor/2020.3.5f1/Editor/Data/PlaybackEngines/WindowsStandaloneSupport/UnityEditor.WindowsStandalone.Extensions.dll
Registered in 0.001250 seconds.
Native extension for WindowsStandalone target not found
Native extension for WebGL target not found
Refreshing native plugins compatible for Editor in 19.64 ms, found 0 plugins.
Preloading 0 native plugins for Editor in 0.00 ms.
Mono: successfully reloaded assembly
- Completed reload, in  1.750 seconds
Platform modules already initialized, skipping
Registering precompiled user dll's ...
Registered in 0.000459 seconds.
Begin MonoManager ReloadAssembly
Native extension for WindowsStandalone target not found
Native extension for WebGL target not found
Refreshing native plugins compatible for Editor in 0.20 ms, found 0 plugins.
Preloading 0 native plugins for Editor in 0.00 ms.
Mono: successfully reloaded assembly
- Completed reload, in  0.690 seconds
Platform modules already initialized, skipping
========================================================================
Worker process is ready to serve import requests
Launched and connected shader compiler UnityShaderCompiler.exe after 0.04 seconds
Refreshing native plugins compatible for Editor in 0.18 ms, found 0 plugins.
Preloading 0 native plugins for Editor in 0.00 ms.
Unloading 1118 Unused Serialized files (Serialized files now loaded: 0)
System memory in use before: 58.8 MB.
System memory in use after: 58.8 MB.

Unloading 10 unused Assets to reduce memory usage. Loaded Objects now: 1564.
Total: 1.481000 ms (FindLiveObjects: 0.142300 ms CreateObjectMapping: 0.030200 ms MarkObjects: 1.252300 ms  DeleteObjects: 0.055400 ms)

========================================================================
Received Import Request.
  path: Assets/_Scenes/03.unity
  artifactKey: Guid(89c4e671b3d58754c8ba64e5dc08d313) Importer(815301076,1909f56bfc062723c751e8b465ee728b)
Start importing Assets/_Scenes/03.unity using Guid(89c4e671b3d58754c8ba64e5dc08d313) Importer(815301076,1909f56bfc062723c751e8b465ee728b)  -> (artifact id: '6a238bacc11c76b0632e3c49e82a6cf5') in 0.015029 seconds
  Import took 0.030149 seconds .

========================================================================
Received Import Request.
  Time since last request: 2.075692 seconds.
  path: Assets/_Scenes/03 Ragdoll.unity
  artifactKey: Guid(89c4e671b3d58754c8ba64e5dc08d313) Importer(815301076,1909f56bfc062723c751e8b465ee728b)
Start importing Assets/_Scenes/03 Ragdoll.unity using Guid(89c4e671b3d58754c8ba64e5dc08d313) Importer(815301076,1909f56bfc062723c751e8b465ee728b)  -> (artifact id: '45627d7cecd78591a164b90d761fcfc1') in 0.004691 seconds
  Import took 0.006337 seconds .

========================================================================
Received Import Request.
  Time since last request: 15.235265 seconds.
  path: Assets/Character/Beta.fbx
  artifactKey: Guid(2dc526a87c49416478b13f971cef333c) Importer(815301076,1909f56bfc062723c751e8b465ee728b)
Start importing Assets/Character/Beta.fbx using Guid(2dc526a87c49416478b13f971cef333c) Importer(815301076,1909f56bfc062723c751e8b465ee728b)  -> (artifact id: 'e5bfba10fae9d71f0ff75e8559c42d2d') in 0.364951 seconds
  Import took 0.367216 seconds .

========================================================================
Received Prepare
Registering precompiled user dll's ...
Registered in 0.000528 seconds.
Begin MonoManager ReloadAssembly
Native extension for WindowsStandalone target not found
Native extension for WebGL target not found
Refreshing native plugins compatible for Editor in 0.29 ms, found 0 plugins.
Preloading 0 native plugins for Editor in 0.00 ms.
Mono: successfully reloaded assembly
- Completed reload, in  0.631 seconds
Platform modules already initialized, skipping
Refreshing native plugins compatible for Editor in 0.18 ms, found 0 plugins.
Preloading 0 native plugins for Editor in 0.00 ms.
Unloading 1113 Unused Serialized files (Serialized files now loaded: 0)
System memory in use before: 75.8 MB.
System memory in use after: 75.8 MB.

Unloading 5 unused Assets to reduce memory usage. Loaded Objects now: 1611.
Total: 1.428000 ms (FindLiveObjects: 0.123900 ms CreateObjectMapping: 0.029600 ms MarkObjects: 1.232500 ms  DeleteObjects: 0.040800 ms)

========================================================================
Received Prepare
Registering precompiled user dll's ...
Registered in 0.000639 seconds.
Begin MonoManager ReloadAssembly
Native extension for WindowsStandalone target not found
Native extension for WebGL target not found
Refreshing native plugins compatible for Editor in 0.22 ms, found 0 plugins.
Preloading 0 native plugins for Editor in 0.00 ms.
Mono: successfully reloaded assembly
- Completed reload, in  0.619 seconds
Platform modules already initialized, skipping
Refreshing native plugins compatible for Editor in 0.18 ms, found 0 plugins.
Preloading 0 native plugins for Editor in 0.00 ms.
Unloading 1113 Unused Serialized files (Serialized files now loaded: 0)
System memory in use before: 75.8 MB.
System memory in use after: 75.9 MB.

Unloading 5 unused Assets to reduce memory usage. Loaded Objects now: 1614.
Total: 1.255900 ms (FindLiveObjects: 0.119400 ms CreateObjectMapping: 0.029600 ms MarkObjects: 1.067100 ms  DeleteObjects: 0.038700 ms)

========================================================================
Received Import Request.
  Time since last request: 385.136237 seconds.
  path: Assets/Character/Ragdoll.controller
  artifactKey: Guid(86bd72cd151d16343a9e78922fff1372) Importer(815301076,1909f56bfc062723c751e8b465ee728b)
Start importing Assets/Character/Ragdoll.controller using Guid(86bd72cd151d16343a9e78922fff1372) Importer(815301076,1909f56bfc062723c751e8b465ee728b)  -> (artifact id: '3bd42281008f06597cddf84d90039371') in 0.016203 seconds
  Import took 0.017851 seconds .

========================================================================
Received Prepare
Registering precompiled user dll's ...
Registered in 0.000584 seconds.
Begin MonoManager ReloadAssembly
Native extension for WindowsStandalone target not found
Native extension for WebGL target not found
Refreshing native plugins compatible for Editor in 0.25 ms, found 0 plugins.
Preloading 0 native plugins for Editor in 0.00 ms.
Mono: successfully reloaded assembly
- Completed reload, in  0.640 seconds
Platform modules already initialized, skipping
Refreshing native plugins compatible for Editor in 0.17 ms, found 0 plugins.
Preloading 0 native plugins for Editor in 0.00 ms.
Unloading 1114 Unused Serialized files (Serialized files now loaded: 0)
System memory in use before: 75.8 MB.
System memory in use after: 75.9 MB.

Unloading 5 unused Assets to reduce memory usage. Loaded Objects now: 1618.
Total: 1.356500 ms (FindLiveObjects: 0.109200 ms CreateObjectMapping: 0.026300 ms MarkObjects: 1.147200 ms  DeleteObjects: 0.072900 ms)

========================================================================
Received Import Request.
  Time since last request: 267.375354 seconds.
  path: Assets/Scripts/Ragdoll.cs
  artifactKey: Guid(d6f76b5fc78bc384aa5f37673980401d) Importer(815301076,1909f56bfc062723c751e8b465ee728b)
Start importing Assets/Scripts/Ragdoll.cs using Guid(d6f76b5fc78bc384aa5f37673980401d) Importer(815301076,1909f56bfc062723c751e8b465ee728b)  -> (artifact id: 'dfbc5e6b083d402b15639975157d1f0c') in 0.005682 seconds
  Import took 0.007225 seconds .

========================================================================
Received Prepare
Registering precompiled user dll's ...
Registered in 0.000454 seconds.
Begin MonoManager ReloadAssembly
Native extension for WindowsStandalone target not found
Native extension for WebGL target not found
Refreshing native plugins compatible for Editor in 0.17 ms, found 0 plugins.
Preloading 0 native plugins for Editor in 0.00 ms.
Mono: successfully reloaded assembly
- Completed reload, in  0.628 seconds
Platform modules already initialized, skipping
Refreshing native plugins compatible for Editor in 0.19 ms, found 0 plugins.
Preloading 0 native plugins for Editor in 0.00 ms.
Unloading 1114 Unused Serialized files (Serialized files now loaded: 0)
System memory in use before: 75.8 MB.
System memory in use after: 75.9 MB.

Unloading 5 unused Assets to reduce memory usage. Loaded Objects now: 1621.
Total: 1.407800 ms (FindLiveObjects: 0.135300 ms CreateObjectMapping: 0.030700 ms MarkObjects: 1.201500 ms  DeleteObjects: 0.039600 ms)

========================================================================
Received Import Request.
  Time since last request: 6.655991 seconds.
  path: Assets/Scripts/RagdollTrigger.cs
  artifactKey: Guid(6d9129ea3419c814a9b540f7969e92e1) Importer(815301076,1909f56bfc062723c751e8b465ee728b)
Start importing Assets/Scripts/RagdollTrigger.cs using Guid(6d9129ea3419c814a9b540f7969e92e1) Importer(815301076,1909f56bfc062723c751e8b465ee728b)  -> (artifact id: 'a6de2573e477921b48e5e4ab26cd4f49') in 0.007697 seconds
  Import took 0.009559 seconds .

========================================================================
Received Prepare
Registering precompiled user dll's ...
Registered in 0.000607 seconds.
Begin MonoManager ReloadAssembly
Native extension for WindowsStandalone target not found
Native extension for WebGL target not found
Refreshing native plugins compatible for Editor in 0.18 ms, found 0 plugins.
Preloading 0 native plugins for Editor in 0.00 ms.
Mono: successfully reloaded assembly
- Completed reload, in  0.661 seconds
Platform modules already initialized, skipping
Refreshing native plugins compatible for Editor in 0.18 ms, found 0 plugins.
Preloading 0 native plugins for Editor in 0.00 ms.
Unloading 1115 Unused Serialized files (Serialized files now loaded: 0)
System memory in use before: 75.9 MB.
System memory in use after: 75.9 MB.

Unloading 5 unused Assets to reduce memory usage. Loaded Objects now: 1625.
Total: 1.376600 ms (FindLiveObjects: 0.148200 ms CreateObjectMapping: 0.026900 ms MarkObjects: 1.161900 ms  DeleteObjects: 0.038900 ms)

========================================================================
Received Prepare
Registering precompiled user dll's ...
Registered in 0.000710 seconds.
Begin MonoManager ReloadAssembly
Native extension for WindowsStandalone target not found
Native extension for WebGL target not found
Refreshing native plugins compatible for Editor in 0.18 ms, found 0 plugins.
Preloading 0 native plugins for Editor in 0.00 ms.
Mono: successfully reloaded assembly
- Completed reload, in  0.646 seconds
Platform modules already initialized, skipping
Refreshing native plugins compatible for Editor in 0.17 ms, found 0 plugins.
Preloading 0 native plugins for Editor in 0.00 ms.
Unloading 1115 Unused Serialized files (Serialized files now loaded: 0)
System memory in use before: 75.9 MB.
System memory in use after: 75.9 MB.

Unloading 5 unused Assets to reduce memory usage. Loaded Objects now: 1628.
Total: 1.372600 ms (FindLiveObjects: 0.119600 ms CreateObjectMapping: 0.030700 ms MarkObjects: 1.181900 ms  DeleteObjects: 0.039300 ms)

========================================================================
Received Import Request.
  Time since last request: 430.604003 seconds.
  path: Assets/Scripts/RagdollTrigger.cs
  artifactKey: Guid(6d9129ea3419c814a9b540f7969e92e1) Importer(815301076,1909f56bfc062723c751e8b465ee728b)
Start importing Assets/Scripts/RagdollTrigger.cs using Guid(6d9129ea3419c814a9b540f7969e92e1) Importer(815301076,1909f56bfc062723c751e8b465ee728b)  -> (artifact id: 'c5c3d4e2cb46722c7e418e708b90f4ff') in 0.003572 seconds
  Import took 0.005216 seconds .

========================================================================
Received Prepare
Registering precompiled user dll's ...
Registered in 0.000681 seconds.
Begin MonoManager ReloadAssembly
Native extension for WindowsStandalone target not found
Native extension for WebGL target not found
Refreshing native plugins compatible for Editor in 0.18 ms, found 0 plugins.
Preloading 0 native plugins for Editor in 0.00 ms.
Mono: successfully reloaded assembly
- Completed reload, in  0.615 seconds
Platform modules already initialized, skipping
Refreshing native plugins compatible for Editor in 0.19 ms, found 0 plugins.
Preloading 0 native plugins for Editor in 0.00 ms.
Unloading 1115 Unused Serialized files (Serialized files now loaded: 0)
System memory in use before: 75.9 MB.
System memory in use after: 76.0 MB.

Unloading 5 unused Assets to reduce memory usage. Loaded Objects now: 1631.
Total: 1.503000 ms (FindLiveObjects: 0.113900 ms CreateObjectMapping: 0.027500 ms MarkObjects: 1.313800 ms  DeleteObjects: 0.046800 ms)

========================================================================
Received Prepare
Registering precompiled user dll's ...
Registered in 0.000524 seconds.
Begin MonoManager ReloadAssembly
Native extension for WindowsStandalone target not found
Native extension for WebGL target not found
Refreshing native plugins compatible for Editor in 0.20 ms, found 0 plugins.
Preloading 0 native plugins for Editor in 0.00 ms.
Mono: successfully reloaded assembly
- Completed reload, in  0.674 seconds
Platform modules already initialized, skipping
Refreshing native plugins compatible for Editor in 0.17 ms, found 0 plugins.
Preloading 0 native plugins for Editor in 0.00 ms.
Unloading 1115 Unused Serialized files (Serialized files now loaded: 0)
System memory in use before: 75.9 MB.
System memory in use after: 76.0 MB.

Unloading 5 unused Assets to reduce memory usage. Loaded Objects now: 1634.
Total: 1.862300 ms (FindLiveObjects: 0.115000 ms CreateObjectMapping: 0.028100 ms MarkObjects: 1.641900 ms  DeleteObjects: 0.076000 ms)

========================================================================
Received Prepare
Registering precompiled user dll's ...
Registered in 0.000638 seconds.
Begin MonoManager ReloadAssembly
Native extension for WindowsStandalone target not found
Native extension for WebGL target not found
Refreshing native plugins compatible for Editor in 0.19 ms, found 0 plugins.
Preloading 0 native plugins for Editor in 0.00 ms.
Mono: successfully reloaded assembly
- Completed reload, in  0.666 seconds
Platform modules already initialized, skipping
Refreshing native plugins compatible for Editor in 0.20 ms, found 0 plugins.
Preloading 0 native plugins for Editor in 0.00 ms.
Unloading 1115 Unused Serialized files (Serialized files now loaded: 0)
System memory in use before: 75.9 MB.
System memory in use after: 76.0 MB.

Unloading 5 unused Assets to reduce memory usage. Loaded Objects now: 1637.
Total: 1.625200 ms (FindLiveObjects: 0.127300 ms CreateObjectMapping: 0.060900 ms MarkObjects: 1.396900 ms  DeleteObjects: 0.039100 ms)

========================================================================
Received Prepare
Registering precompiled user dll's ...
Registered in 0.000518 seconds.
Begin MonoManager ReloadAssembly
Native extension for WindowsStandalone target not found
Native extension for WebGL target not found
Refreshing native plugins compatible for Editor in 0.18 ms, found 0 plugins.
Preloading 0 native plugins for Editor in 0.00 ms.
Mono: successfully reloaded assembly
- Completed reload, in  0.633 seconds
Platform modules already initialized, skipping
Refreshing native plugins compatible for Editor in 0.20 ms, found 0 plugins.
Preloading 0 native plugins for Editor in 0.00 ms.
Unloading 1115 Unused Serialized files (Serialized files now loaded: 0)
System memory in use before: 75.9 MB.
System memory in use after: 76.0 MB.

Unloading 5 unused Assets to reduce memory usage. Loaded Objects now: 1640.
Total: 1.291600 ms (FindLiveObjects: 0.116000 ms CreateObjectMapping: 0.031400 ms MarkObjects: 1.106600 ms  DeleteObjects: 0.036900 ms)

========================================================================
Received Prepare
Registering precompiled user dll's ...
Registered in 0.000516 seconds.
Begin MonoManager ReloadAssembly
Native extension for WindowsStandalone target not found
Native extension for WebGL target not found
Refreshing native plugins compatible for Editor in 0.19 ms, found 0 plugins.
Preloading 0 native plugins for Editor in 0.00 ms.
Mono: successfully reloaded assembly
- Completed reload, in  0.616 seconds
Platform modules already initialized, skipping
Refreshing native plugins compatible for Editor in 0.17 ms, found 0 plugins.
Preloading 0 native plugins for Editor in 0.00 ms.
Unloading 1115 Unused Serialized files (Serialized files now loaded: 0)
System memory in use before: 75.9 MB.
System memory in use after: 76.0 MB.

Unloading 5 unused Assets to reduce memory usage. Loaded Objects now: 1643.
Total: 1.459000 ms (FindLiveObjects: 0.160900 ms CreateObjectMapping: 0.036700 ms MarkObjects: 1.187000 ms  DeleteObjects: 0.073300 ms)

========================================================================
Received Import Request.
  Time since last request: 1877.317047 seconds.
  path: Assets/_Scenes/01 Collision Shapes.unity
  artifactKey: Guid(7e346f470af562f409255011ecb27f6e) Importer(815301076,1909f56bfc062723c751e8b465ee728b)
Start importing Assets/_Scenes/01 Collision Shapes.unity using Guid(7e346f470af562f409255011ecb27f6e) Importer(815301076,1909f56bfc062723c751e8b465ee728b)  -> (artifact id: '0733df8d9e7a1b0fe848f6af7b9dd7c8') in 0.015248 seconds
  Import took 0.017309 seconds .

========================================================================
Received Prepare
Registering precompiled user dll's ...
Registered in 0.000535 seconds.
Begin MonoManager ReloadAssembly
Native extension for WindowsStandalone target not found
Native extension for WebGL target not found
Refreshing native plugins compatible for Editor in 0.18 ms, found 0 plugins.
Preloading 0 native plugins for Editor in 0.00 ms.
Mono: successfully reloaded assembly
- Completed reload, in  0.616 seconds
Platform modules already initialized, skipping
Refreshing native plugins compatible for Editor in 0.18 ms, found 0 plugins.
Preloading 0 native plugins for Editor in 0.00 ms.
Unloading 1115 Unused Serialized files (Serialized files now loaded: 0)
System memory in use before: 75.9 MB.
System memory in use after: 76.0 MB.

Unloading 5 unused Assets to reduce memory usage. Loaded Objects now: 1646.
Total: 1.341200 ms (FindLiveObjects: 0.111700 ms CreateObjectMapping: 0.027700 ms MarkObjects: 1.160700 ms  DeleteObjects: 0.039900 ms)

========================================================================
Received Import Request.
  Time since last request: 329.932743 seconds.
  path: Assets/_Scenes/04 Terrain.unity
  artifactKey: Guid(982431005f47fb44fbb74994178b94d6) Importer(815301076,1909f56bfc062723c751e8b465ee728b)
Start importing Assets/_Scenes/04 Terrain.unity using Guid(982431005f47fb44fbb74994178b94d6) Importer(815301076,1909f56bfc062723c751e8b465ee728b)  -> (artifact id: '6384369cbb294ac78a6170b3ce3d00c6') in 0.013178 seconds
  Import took 0.015545 seconds .

========================================================================
Received Import Request.
  Time since last request: 267.749229 seconds.
  path: Assets/New Terrain.asset
  artifactKey: Guid(cb77c4d7f89206945acd10d7dc085c0b) Importer(815301076,1909f56bfc062723c751e8b465ee728b)
Start importing Assets/New Terrain.asset using Guid(cb77c4d7f89206945acd10d7dc085c0b) Importer(815301076,1909f56bfc062723c751e8b465ee728b)  -> (artifact id: 'f0550984a7335f48e7bd6949e9342187') in 0.013931 seconds
  Import took 0.016285 seconds .

========================================================================
Received Import Request.
  Time since last request: 0.880438 seconds.
  path: Assets/Materials/table_chair.mat
  artifactKey: Guid(b001d49e224d8df4cbd7816d509c5021) Importer(815301076,1909f56bfc062723c751e8b465ee728b)
Start importing Assets/Materials/table_chair.mat using Guid(b001d49e224d8df4cbd7816d509c5021) Importer(815301076,1909f56bfc062723c751e8b465ee728b)  -> (artifact id: '01e115c4b29975dd41262a2c2469d0a3') in 0.063058 seconds
  Import took 0.065006 seconds .

========================================================================
Received Import Request.
  Time since last request: 7.078794 seconds.
  path: Assets/Materials/Blue.mat
  artifactKey: Guid(a9b50aafd88606f499fe98a6cb989ae5) Importer(815301076,1909f56bfc062723c751e8b465ee728b)
Start importing Assets/Materials/Blue.mat using Guid(a9b50aafd88606f499fe98a6cb989ae5) Importer(815301076,1909f56bfc062723c751e8b465ee728b)  -> (artifact id: '75595b4313ee048681fdb696be08c461') in 0.012338 seconds
  Import took 0.014565 seconds .

========================================================================
Received Import Request.
  Time since last request: 18.745921 seconds.
  path: Assets/Scripts/Spawner.cs
  artifactKey: Guid(faa70c7982106bf45aa9cbe6517510d9) Importer(815301076,1909f56bfc062723c751e8b465ee728b)
Start importing Assets/Scripts/Spawner.cs using Guid(faa70c7982106bf45aa9cbe6517510d9) Importer(815301076,1909f56bfc062723c751e8b465ee728b)  -> (artifact id: 'b7ace2353898b0c21c56db15e12784bc') in 0.004814 seconds
  Import took 0.006455 seconds .

========================================================================
Received Prepare
Registering precompiled user dll's ...
Registered in 0.000529 seconds.
Begin MonoManager ReloadAssembly
Native extension for WindowsStandalone target not found
Native extension for WebGL target not found
Refreshing native plugins compatible for Editor in 0.18 ms, found 0 plugins.
Preloading 0 native plugins for Editor in 0.00 ms.
Mono: successfully reloaded assembly
- Completed reload, in  0.684 seconds
Platform modules already initialized, skipping
Refreshing native plugins compatible for Editor in 0.18 ms, found 0 plugins.
Preloading 0 native plugins for Editor in 0.00 ms.
Unloading 1116 Unused Serialized files (Serialized files now loaded: 0)
System memory in use before: 76.8 MB.
System memory in use after: 76.4 MB.

Unloading 7 unused Assets to reduce memory usage. Loaded Objects now: 1652.
Total: 1.841400 ms (FindLiveObjects: 0.113900 ms CreateObjectMapping: 0.030700 ms MarkObjects: 1.332200 ms  DeleteObjects: 0.363700 ms)

========================================================================
Received Prepare
Registering precompiled user dll's ...
Registered in 0.000754 seconds.
Begin MonoManager ReloadAssembly
Native extension for WindowsStandalone target not found
Native extension for WebGL target not found
Refreshing native plugins compatible for Editor in 0.18 ms, found 0 plugins.
Preloading 0 native plugins for Editor in 0.00 ms.
Mono: successfully reloaded assembly
- Completed reload, in  0.616 seconds
Platform modules already initialized, skipping
Refreshing native plugins compatible for Editor in 0.18 ms, found 0 plugins.
Preloading 0 native plugins for Editor in 0.00 ms.
Unloading 1116 Unused Serialized files (Serialized files now loaded: 0)
System memory in use before: 76.3 MB.
System memory in use after: 76.4 MB.

Unloading 5 unused Assets to reduce memory usage. Loaded Objects now: 1655.
Total: 1.763400 ms (FindLiveObjects: 0.129600 ms CreateObjectMapping: 0.039100 ms MarkObjects: 1.539100 ms  DeleteObjects: 0.054700 ms)

========================================================================
Received Import Request.
  Time since last request: 141.563052 seconds.
  path: Assets/Scripts/Spawner.cs
  artifactKey: Guid(faa70c7982106bf45aa9cbe6517510d9) Importer(815301076,1909f56bfc062723c751e8b465ee728b)
Start importing Assets/Scripts/Spawner.cs using Guid(faa70c7982106bf45aa9cbe6517510d9) Importer(815301076,1909f56bfc062723c751e8b465ee728b)  -> (artifact id: '0ca181c052b7754d51f3d3fa33975e15') in 0.003174 seconds
  Import took 0.004799 seconds .

========================================================================
Received Import Request.
  Time since last request: 50.404994 seconds.
  path: Assets/New Terrain.asset
  artifactKey: Guid(cb77c4d7f89206945acd10d7dc085c0b) Importer(815301076,1909f56bfc062723c751e8b465ee728b)
Start importing Assets/New Terrain.asset using Guid(cb77c4d7f89206945acd10d7dc085c0b) Importer(815301076,1909f56bfc062723c751e8b465ee728b)  -> (artifact id: '25549a9fcefded78111eee440478f85e') in 0.014127 seconds
  Import took 0.016008 seconds .

========================================================================
Received Import Request.
  Time since last request: 3.446568 seconds.
  path: Assets/_Scenes/01 Collision Shapes.unity
  artifactKey: Guid(7e346f470af562f409255011ecb27f6e) Importer(815301076,1909f56bfc062723c751e8b465ee728b)
Start importing Assets/_Scenes/01 Collision Shapes.unity using Guid(7e346f470af562f409255011ecb27f6e) Importer(815301076,1909f56bfc062723c751e8b465ee728b)  -> (artifact id: 'affe0d51d64a6644f6f1ec5b559429f4') in 0.002449 seconds
  Import took 0.004203 seconds .

========================================================================
Received Import Request.
  Time since last request: 37.629133 seconds.
  path: Assets/Prefabs/chair (1) Variant.prefab
  artifactKey: Guid(91cc0076ac8f84b4fa9f74836e560c49) Importer(815301076,1909f56bfc062723c751e8b465ee728b)
Start importing Assets/Prefabs/chair (1) Variant.prefab using Guid(91cc0076ac8f84b4fa9f74836e560c49) Importer(815301076,1909f56bfc062723c751e8b465ee728b)  -> (artifact id: 'f0b8aeedc6415cd6aa4c10980d58e25d') in 0.047588 seconds
  Import took 0.049429 seconds .

========================================================================
Received Import Request.
  Time since last request: 0.005866 seconds.
  path: Assets/Prefabs/chair (1) Variant.prefab
  artifactKey: Guid(91cc0076ac8f84b4fa9f74836e560c49) Importer(815301076,1909f56bfc062723c751e8b465ee728b)
Start importing Assets/Prefabs/chair (1) Variant.prefab using Guid(91cc0076ac8f84b4fa9f74836e560c49) Importer(815301076,1909f56bfc062723c751e8b465ee728b)  -> (artifact id: 'f0b8aeedc6415cd6aa4c10980d58e25d') in 0.008146 seconds
  Import took 0.010064 seconds .

========================================================================
Received Import Request.
  Time since last request: 26.785856 seconds.
  path: Assets/Prefabs/Convex Chair.prefab
  artifactKey: Guid(ab5d1d9491c3c2049822bb7497e1ab46) Importer(815301076,1909f56bfc062723c751e8b465ee728b)
Start importing Assets/Prefabs/Convex Chair.prefab using Guid(ab5d1d9491c3c2049822bb7497e1ab46) Importer(815301076,1909f56bfc062723c751e8b465ee728b)  -> (artifact id: '14f610f9a53c90e35c1947f20bfe22e0') in 0.010976 seconds
  Import took 0.012865 seconds .

========================================================================
Received Import Request.
  Time since last request: 0.000706 seconds.
  path: Assets/Prefabs/Convex Chair.prefab
  artifactKey: Guid(ab5d1d9491c3c2049822bb7497e1ab46) Importer(815301076,1909f56bfc062723c751e8b465ee728b)
Start importing Assets/Prefabs/Convex Chair.prefab using Guid(ab5d1d9491c3c2049822bb7497e1ab46) Importer(815301076,1909f56bfc062723c751e8b465ee728b)  -> (artifact id: '14f610f9a53c90e35c1947f20bfe22e0') in 0.009319 seconds
  Import took 0.011714 seconds .

========================================================================
Received Import Request.
  Time since last request: 5.878230 seconds.
  path: Assets/_Scenes/04 Terrain.unity
  artifactKey: Guid(982431005f47fb44fbb74994178b94d6) Importer(815301076,1909f56bfc062723c751e8b465ee728b)
Start importing Assets/_Scenes/04 Terrain.unity using Guid(982431005f47fb44fbb74994178b94d6) Importer(815301076,1909f56bfc062723c751e8b465ee728b)  -> (artifact id: '0216d615d5ac586f269a130a18952677') in 0.003771 seconds
  Import took 0.005604 seconds .

========================================================================
Received Prepare
Registering precompiled user dll's ...
Registered in 0.000672 seconds.
Begin MonoManager ReloadAssembly
Native extension for WindowsStandalone target not found
Native extension for WebGL target not found
Refreshing native plugins compatible for Editor in 0.32 ms, found 0 plugins.
Preloading 0 native plugins for Editor in 0.00 ms.
Mono: successfully reloaded assembly
- Completed reload, in  0.625 seconds
Platform modules already initialized, skipping
Refreshing native plugins compatible for Editor in 0.18 ms, found 0 plugins.
Preloading 0 native plugins for Editor in 0.00 ms.
Unloading 1116 Unused Serialized files (Serialized files now loaded: 0)
System memory in use before: 76.8 MB.
System memory in use after: 76.4 MB.

Unloading 7 unused Assets to reduce memory usage. Loaded Objects now: 1659.
Total: 1.717600 ms (FindLiveObjects: 0.115700 ms CreateObjectMapping: 0.028800 ms MarkObjects: 1.207800 ms  DeleteObjects: 0.364600 ms)

========================================================================
Received Import Request.
  Time since last request: 230.357169 seconds.
  path: Assets/Prefabs/Convex Chair.prefab
  artifactKey: Guid(ab5d1d9491c3c2049822bb7497e1ab46) Importer(815301076,1909f56bfc062723c751e8b465ee728b)
Start importing Assets/Prefabs/Convex Chair.prefab using Guid(ab5d1d9491c3c2049822bb7497e1ab46) Importer(815301076,1909f56bfc062723c751e8b465ee728b)  -> (artifact id: '6510b9b851e364a57da2aca0a4dfcdf5') in 0.045617 seconds
  Import took 0.047437 seconds .

========================================================================
Received Import Request.
  Time since last request: 0.826134 seconds.
  path: Assets/Prefabs/Convex Chair.prefab
  artifactKey: Guid(ab5d1d9491c3c2049822bb7497e1ab46) Importer(815301076,1909f56bfc062723c751e8b465ee728b)
Start importing Assets/Prefabs/Convex Chair.prefab using Guid(ab5d1d9491c3c2049822bb7497e1ab46) Importer(815301076,1909f56bfc062723c751e8b465ee728b)  -> (artifact id: '1e8a4592e6bcc8bc2272832772fe3420') in 0.011010 seconds
  Import took 0.012747 seconds .

========================================================================
Received Import Request.
  Time since last request: 2.403931 seconds.
  path: Assets/Prefabs/Convex Chair.prefab
  artifactKey: Guid(ab5d1d9491c3c2049822bb7497e1ab46) Importer(815301076,1909f56bfc062723c751e8b465ee728b)
Start importing Assets/Prefabs/Convex Chair.prefab using Guid(ab5d1d9491c3c2049822bb7497e1ab46) Importer(815301076,1909f56bfc062723c751e8b465ee728b)  -> (artifact id: '45536735b14e1dbe495cdf1197b3a94c') in 0.013442 seconds
  Import took 0.015711 seconds .

========================================================================
Received Prepare
Registering precompiled user dll's ...
Registered in 0.000563 seconds.
Begin MonoManager ReloadAssembly
Native extension for WindowsStandalone target not found
Native extension for WebGL target not found
Refreshing native plugins compatible for Editor in 0.65 ms, found 0 plugins.
Preloading 0 native plugins for Editor in 0.00 ms.
Mono: successfully reloaded assembly
- Completed reload, in  0.787 seconds
Platform modules already initialized, skipping
Refreshing native plugins compatible for Editor in 0.18 ms, found 0 plugins.
Preloading 0 native plugins for Editor in 0.00 ms.
Unloading 1116 Unused Serialized files (Serialized files now loaded: 0)
System memory in use before: 76.3 MB.
System memory in use after: 76.4 MB.

Unloading 5 unused Assets to reduce memory usage. Loaded Objects now: 1663.
Total: 1.860100 ms (FindLiveObjects: 0.138200 ms CreateObjectMapping: 0.034000 ms MarkObjects: 1.640700 ms  DeleteObjects: 0.045600 ms)

AssetImportWorkerClient::OnTransportError - code=2 error=End of file
