Using pre-set license
Built from '2020.3/staging' branch; Version is '2020.3.5f1 (8095aa901b9b) revision 8426922'; Using compiler version '192528614'; Build Type 'Release'
OS: 'Windows 10 Home; OS build 19043.1526; Version 2009; 64bit' Language: 'en' Physical Memory: 16322 MB
BatchMode: 1, IsHumanControllingUs: 0, StartBugReporterOnCrash: 0, Is64bit: 1, IsPro: 0

 COMMAND LINE ARGUMENTS:
D:\Program Files\Unity\Hub\Editor\2020.3.5f1\Editor\Unity.exe
-adb2
-batchMode
-noUpm
-name
AssetImportWorker0
-projectPath
D:/AIE/UnityPhysics/Y2Physics
-logFile
Logs/AssetImportWorker0.log
-srvPort
56146
Successfully changed project path to: D:/AIE/UnityPhysics/Y2Physics
D:/AIE/UnityPhysics/Y2Physics
Using Asset Import Pipeline V2.
Refreshing native plugins compatible for Editor in 21.59 ms, found 0 plugins.
Preloading 0 native plugins for Editor in 0.00 ms.
Initialize engine version: 2020.3.5f1 (8095aa901b9b)
[Subsystems] Discovering subsystems at path D:/Program Files/Unity/Hub/Editor/2020.3.5f1/Editor/Data/Resources/UnitySubsystems
[Subsystems] Discovering subsystems at path D:/AIE/UnityPhysics/Y2Physics/Assets
GfxDevice: creating device client; threaded=0
Direct3D:
    Version:  Direct3D 11.0 [level 11.1]
    Renderer: NVIDIA GeForce RTX 2080 (ID=0x1e82)
    Vendor:   
    VRAM:     8010 MB
    Driver:   30.0.14.7280
Initialize mono
Mono path[0] = 'D:/Program Files/Unity/Hub/Editor/2020.3.5f1/Editor/Data/Managed'
Mono path[1] = 'D:/Program Files/Unity/Hub/Editor/2020.3.5f1/Editor/Data/MonoBleedingEdge/lib/mono/unityjit'
Mono config path = 'D:/Program Files/Unity/Hub/Editor/2020.3.5f1/Editor/Data/MonoBleedingEdge/etc'
Using monoOptions --debugger-agent=transport=dt_socket,embedding=1,server=y,suspend=n,address=127.0.0.1:56456
Begin MonoManager ReloadAssembly
Registering precompiled unity dll's ...
Register platform support module: D:/Program Files/Unity/Hub/Editor/2020.3.5f1/Editor/Data/PlaybackEngines/WebGLSupport/UnityEditor.WebGL.Extensions.dll
Register platform support module: D:/Program Files/Unity/Hub/Editor/2020.3.5f1/Editor/Data/PlaybackEngines/WindowsStandaloneSupport/UnityEditor.WindowsStandalone.Extensions.dll
Registered in 0.001125 seconds.
Native extension for WindowsStandalone target not found
Native extension for WebGL target not found
Refreshing native plugins compatible for Editor in 19.95 ms, found 0 plugins.
Preloading 0 native plugins for Editor in 0.00 ms.
Mono: successfully reloaded assembly
- Completed reload, in  1.811 seconds
Platform modules already initialized, skipping
Registering precompiled user dll's ...
Registered in 0.000473 seconds.
Begin MonoManager ReloadAssembly
Native extension for WindowsStandalone target not found
Native extension for WebGL target not found
Refreshing native plugins compatible for Editor in 0.19 ms, found 0 plugins.
Preloading 0 native plugins for Editor in 0.00 ms.
Mono: successfully reloaded assembly
- Completed reload, in  0.765 seconds
Platform modules already initialized, skipping
========================================================================
Worker process is ready to serve import requests
Launched and connected shader compiler UnityShaderCompiler.exe after 0.04 seconds
Refreshing native plugins compatible for Editor in 0.19 ms, found 0 plugins.
Preloading 0 native plugins for Editor in 0.00 ms.
Unloading 1122 Unused Serialized files (Serialized files now loaded: 0)
System memory in use before: 71.0 MB.
System memory in use after: 71.1 MB.

Unloading 10 unused Assets to reduce memory usage. Loaded Objects now: 1584.
Total: 1.441400 ms (FindLiveObjects: 0.128800 ms CreateObjectMapping: 0.041400 ms MarkObjects: 1.196400 ms  DeleteObjects: 0.073800 ms)

========================================================================
Received Import Request.
  path: Assets/Scripts/Raycaster.cs
  artifactKey: Guid(87abac3858799b646a0e4e5c03cd4ecf) Importer(815301076,1909f56bfc062723c751e8b465ee728b)
Start importing Assets/Scripts/Raycaster.cs using Guid(87abac3858799b646a0e4e5c03cd4ecf) Importer(815301076,1909f56bfc062723c751e8b465ee728b)  -> (artifact id: '61bc0216e5041f76352b2c87e75b601e') in 0.038082 seconds
  Import took 0.078884 seconds .

========================================================================
Received Prepare
Registering precompiled user dll's ...
Registered in 0.000574 seconds.
Begin MonoManager ReloadAssembly
Native extension for WindowsStandalone target not found
Native extension for WebGL target not found
Refreshing native plugins compatible for Editor in 0.21 ms, found 0 plugins.
Preloading 0 native plugins for Editor in 0.00 ms.
Mono: successfully reloaded assembly
- Completed reload, in  0.811 seconds
Platform modules already initialized, skipping
Refreshing native plugins compatible for Editor in 0.17 ms, found 0 plugins.
Preloading 0 native plugins for Editor in 0.00 ms.
Unloading 1117 Unused Serialized files (Serialized files now loaded: 0)
System memory in use before: 71.0 MB.
System memory in use after: 71.0 MB.

Unloading 5 unused Assets to reduce memory usage. Loaded Objects now: 1587.
Total: 1.374700 ms (FindLiveObjects: 0.124700 ms CreateObjectMapping: 0.033200 ms MarkObjects: 1.167200 ms  DeleteObjects: 0.048700 ms)

========================================================================
Received Prepare
Registering precompiled user dll's ...
Registered in 0.000500 seconds.
Begin MonoManager ReloadAssembly
Native extension for WindowsStandalone target not found
Native extension for WebGL target not found
Refreshing native plugins compatible for Editor in 0.17 ms, found 0 plugins.
Preloading 0 native plugins for Editor in 0.00 ms.
Mono: successfully reloaded assembly
- Completed reload, in  0.634 seconds
Platform modules already initialized, skipping
Refreshing native plugins compatible for Editor in 0.20 ms, found 0 plugins.
Preloading 0 native plugins for Editor in 0.00 ms.
Unloading 1117 Unused Serialized files (Serialized files now loaded: 0)
System memory in use before: 71.0 MB.
System memory in use after: 71.1 MB.

Unloading 5 unused Assets to reduce memory usage. Loaded Objects now: 1590.
Total: 1.258800 ms (FindLiveObjects: 0.098800 ms CreateObjectMapping: 0.023800 ms MarkObjects: 1.087500 ms  DeleteObjects: 0.047700 ms)

========================================================================
Received Import Request.
  Time since last request: 486.846562 seconds.
  path: Assets/Scripts/Raycaster.cs
  artifactKey: Guid(87abac3858799b646a0e4e5c03cd4ecf) Importer(815301076,1909f56bfc062723c751e8b465ee728b)
Start importing Assets/Scripts/Raycaster.cs using Guid(87abac3858799b646a0e4e5c03cd4ecf) Importer(815301076,1909f56bfc062723c751e8b465ee728b)  -> (artifact id: '19c9767331fb2fd12e1909582b6f11b4') in 0.003648 seconds
  Import took 0.005252 seconds .

========================================================================
Received Import Request.
  Time since last request: 13.748653 seconds.
  path: Assets/_Scenes/03 Ragdoll.unity
  artifactKey: Guid(89c4e671b3d58754c8ba64e5dc08d313) Importer(815301076,1909f56bfc062723c751e8b465ee728b)
Start importing Assets/_Scenes/03 Ragdoll.unity using Guid(89c4e671b3d58754c8ba64e5dc08d313) Importer(815301076,1909f56bfc062723c751e8b465ee728b)  -> (artifact id: 'a3e8273187b43141997c175b0e7a9914') in 0.012717 seconds
  Import took 0.014304 seconds .

========================================================================
Received Import Request.
  Time since last request: 61.838904 seconds.
  path: Assets/Models
  artifactKey: Guid(35beeb971a5d0c943ba2ef568e4ccbaf) Importer(815301076,1909f56bfc062723c751e8b465ee728b)
Start importing Assets/Models using Guid(35beeb971a5d0c943ba2ef568e4ccbaf) Importer(815301076,1909f56bfc062723c751e8b465ee728b)  -> (artifact id: '2b629fae1b2b17cb24d8047767053682') in 0.006451 seconds
  Import took 0.008098 seconds .

========================================================================
Received Import Request.
  Time since last request: 0.073598 seconds.
  path: Assets/Models/Beta.fbx
  artifactKey: Guid(ce0ade250dd89fb4db696e173375dc69) Importer(815301076,1909f56bfc062723c751e8b465ee728b)
Start importing Assets/Models/Beta.fbx using Guid(ce0ade250dd89fb4db696e173375dc69) Importer(815301076,1909f56bfc062723c751e8b465ee728b)  -> (artifact id: 'ee0050032a0a6766226227d414f7edd4') in 0.372836 seconds
  Import took 0.374811 seconds .

========================================================================
Received Import Request.
  Time since last request: 0.000212 seconds.
  path: Assets/Models/Beta@t_pose.fbx
  artifactKey: Guid(5090bd53e57b9314fbf61eb8fe45dd07) Importer(815301076,1909f56bfc062723c751e8b465ee728b)
Start importing Assets/Models/Beta@t_pose.fbx using Guid(5090bd53e57b9314fbf61eb8fe45dd07) Importer(815301076,1909f56bfc062723c751e8b465ee728b)  -> (artifact id: '9bbf8bebde61010fbd65de291fd1c1f8') in 0.025917 seconds
  Import took 0.027738 seconds .

========================================================================
Received Import Request.
  Time since last request: 0.000245 seconds.
  path: Assets/Models/Beta@walking.fbx
  artifactKey: Guid(1cb92373f5c740e4ba20955d0656043a) Importer(815301076,1909f56bfc062723c751e8b465ee728b)
Start importing Assets/Models/Beta@walking.fbx using Guid(1cb92373f5c740e4ba20955d0656043a) Importer(815301076,1909f56bfc062723c751e8b465ee728b)  -> (artifact id: '709e7ab382c672edec001fec44dc805e') in 0.008280 seconds
  Import took 0.010681 seconds .

========================================================================
Received Import Request.
  Time since last request: 9.721047 seconds.
  path: Assets/Prefabs/Beta.prefab
  artifactKey: Guid(31441a3012c75174caeb80d75936b899) Importer(815301076,1909f56bfc062723c751e8b465ee728b)
Start importing Assets/Prefabs/Beta.prefab using Guid(31441a3012c75174caeb80d75936b899) Importer(815301076,1909f56bfc062723c751e8b465ee728b)  -> (artifact id: 'dc5d4f6cf6ab62907527b3f7054f38a3') in 0.053091 seconds
  Import took 0.055295 seconds .

========================================================================
Received Import Request.
  Time since last request: 0.003255 seconds.
  path: Assets/Prefabs/Beta.prefab
  artifactKey: Guid(31441a3012c75174caeb80d75936b899) Importer(815301076,1909f56bfc062723c751e8b465ee728b)
Start importing Assets/Prefabs/Beta.prefab using Guid(31441a3012c75174caeb80d75936b899) Importer(815301076,1909f56bfc062723c751e8b465ee728b)  -> (artifact id: 'dc5d4f6cf6ab62907527b3f7054f38a3') in 0.014778 seconds
  Import took 0.016838 seconds .

========================================================================
Received Import Request.
  Time since last request: 8.503504 seconds.
  path: Assets/Prefabs/Ragdoll.prefab
  artifactKey: Guid(31441a3012c75174caeb80d75936b899) Importer(815301076,1909f56bfc062723c751e8b465ee728b)
Start importing Assets/Prefabs/Ragdoll.prefab using Guid(31441a3012c75174caeb80d75936b899) Importer(815301076,1909f56bfc062723c751e8b465ee728b)  -> (artifact id: '916a5f63cd6727e13a1b51a64ebaa4ff') in 0.017016 seconds
  Import took 0.019762 seconds .

========================================================================
Received Import Request.
  Time since last request: 13.395899 seconds.
  path: Assets/_Scenes/01 Collision Shapes.unity
  artifactKey: Guid(7e346f470af562f409255011ecb27f6e) Importer(815301076,1909f56bfc062723c751e8b465ee728b)
Start importing Assets/_Scenes/01 Collision Shapes.unity using Guid(7e346f470af562f409255011ecb27f6e) Importer(815301076,1909f56bfc062723c751e8b465ee728b)  -> (artifact id: '6f469541cb27631e122e7d8a494ce016') in 0.005758 seconds
  Import took 0.007592 seconds .

========================================================================
Received Prepare
Registering precompiled user dll's ...
Registered in 0.000460 seconds.
Begin MonoManager ReloadAssembly
Native extension for WindowsStandalone target not found
Native extension for WebGL target not found
Refreshing native plugins compatible for Editor in 0.18 ms, found 0 plugins.
Preloading 0 native plugins for Editor in 0.00 ms.
Mono: successfully reloaded assembly
- Completed reload, in  0.605 seconds
Platform modules already initialized, skipping
Refreshing native plugins compatible for Editor in 0.21 ms, found 0 plugins.
Preloading 0 native plugins for Editor in 0.00 ms.
Unloading 1117 Unused Serialized files (Serialized files now loaded: 0)
System memory in use before: 88.0 MB.
System memory in use after: 88.0 MB.

Unloading 5 unused Assets to reduce memory usage. Loaded Objects now: 1604.
Total: 1.384900 ms (FindLiveObjects: 0.125700 ms CreateObjectMapping: 0.027900 ms MarkObjects: 1.182900 ms  DeleteObjects: 0.047400 ms)

========================================================================
Received Prepare
Registering precompiled user dll's ...
Registered in 0.000547 seconds.
Begin MonoManager ReloadAssembly
Native extension for WindowsStandalone target not found
Native extension for WebGL target not found
Refreshing native plugins compatible for Editor in 0.20 ms, found 0 plugins.
Preloading 0 native plugins for Editor in 0.00 ms.
Mono: successfully reloaded assembly
- Completed reload, in  0.662 seconds
Platform modules already initialized, skipping
Refreshing native plugins compatible for Editor in 0.20 ms, found 0 plugins.
Preloading 0 native plugins for Editor in 0.00 ms.
Unloading 1117 Unused Serialized files (Serialized files now loaded: 0)
System memory in use before: 88.0 MB.
System memory in use after: 88.1 MB.

Unloading 5 unused Assets to reduce memory usage. Loaded Objects now: 1607.
Total: 1.542000 ms (FindLiveObjects: 0.132200 ms CreateObjectMapping: 0.034200 ms MarkObjects: 1.318800 ms  DeleteObjects: 0.055700 ms)

========================================================================
Received Prepare
Registering precompiled user dll's ...
Registered in 0.000532 seconds.
Begin MonoManager ReloadAssembly
Native extension for WindowsStandalone target not found
Native extension for WebGL target not found
Refreshing native plugins compatible for Editor in 0.18 ms, found 0 plugins.
Preloading 0 native plugins for Editor in 0.00 ms.
Mono: successfully reloaded assembly
- Completed reload, in  0.615 seconds
Platform modules already initialized, skipping
Refreshing native plugins compatible for Editor in 0.18 ms, found 0 plugins.
Preloading 0 native plugins for Editor in 0.00 ms.
Unloading 1117 Unused Serialized files (Serialized files now loaded: 0)
System memory in use before: 88.0 MB.
System memory in use after: 88.1 MB.

Unloading 5 unused Assets to reduce memory usage. Loaded Objects now: 1610.
Total: 1.283100 ms (FindLiveObjects: 0.114700 ms CreateObjectMapping: 0.028500 ms MarkObjects: 1.091100 ms  DeleteObjects: 0.047800 ms)

========================================================================
Received Import Request.
  Time since last request: 142.526920 seconds.
  path: Assets/Prefabs/Cannonball.prefab
  artifactKey: Guid(14cd7ad7bd69bca4e9593e09c22e7b79) Importer(815301076,1909f56bfc062723c751e8b465ee728b)
Start importing Assets/Prefabs/Cannonball.prefab using Guid(14cd7ad7bd69bca4e9593e09c22e7b79) Importer(815301076,1909f56bfc062723c751e8b465ee728b)  -> (artifact id: '56f6c3484c2591e6d4f9c62c78beced6') in 0.056059 seconds
  Import took 0.057901 seconds .

========================================================================
Received Prepare
Registering precompiled user dll's ...
Registered in 0.000595 seconds.
Begin MonoManager ReloadAssembly
Native extension for WindowsStandalone target not found
Native extension for WebGL target not found
Refreshing native plugins compatible for Editor in 0.18 ms, found 0 plugins.
Preloading 0 native plugins for Editor in 0.00 ms.
Mono: successfully reloaded assembly
- Completed reload, in  0.697 seconds
Platform modules already initialized, skipping
Refreshing native plugins compatible for Editor in 0.17 ms, found 0 plugins.
Preloading 0 native plugins for Editor in 0.00 ms.
Unloading 1117 Unused Serialized files (Serialized files now loaded: 0)
System memory in use before: 88.0 MB.
System memory in use after: 88.1 MB.

Unloading 5 unused Assets to reduce memory usage. Loaded Objects now: 1615.
Total: 1.898100 ms (FindLiveObjects: 0.201700 ms CreateObjectMapping: 0.040300 ms MarkObjects: 1.597600 ms  DeleteObjects: 0.057600 ms)

========================================================================
Received Import Request.
  Time since last request: 74.868833 seconds.
  path: Assets/Scripts/Ragdoll.cs
  artifactKey: Guid(d6f76b5fc78bc384aa5f37673980401d) Importer(815301076,1909f56bfc062723c751e8b465ee728b)
Start importing Assets/Scripts/Ragdoll.cs using Guid(d6f76b5fc78bc384aa5f37673980401d) Importer(815301076,1909f56bfc062723c751e8b465ee728b)  -> (artifact id: '315bb4746c97826e5ff404968798612b') in 0.003345 seconds
  Import took 0.005037 seconds .

========================================================================
Received Prepare
Registering precompiled user dll's ...
Registered in 0.000634 seconds.
Begin MonoManager ReloadAssembly
Native extension for WindowsStandalone target not found
Native extension for WebGL target not found
Refreshing native plugins compatible for Editor in 0.19 ms, found 0 plugins.
Preloading 0 native plugins for Editor in 0.00 ms.
Mono: successfully reloaded assembly
- Completed reload, in  0.627 seconds
Platform modules already initialized, skipping
Refreshing native plugins compatible for Editor in 0.27 ms, found 0 plugins.
Preloading 0 native plugins for Editor in 0.00 ms.
Unloading 1117 Unused Serialized files (Serialized files now loaded: 0)
System memory in use before: 88.1 MB.
System memory in use after: 88.1 MB.

Unloading 5 unused Assets to reduce memory usage. Loaded Objects now: 1618.
Total: 1.308500 ms (FindLiveObjects: 0.117800 ms CreateObjectMapping: 0.028900 ms MarkObjects: 1.108300 ms  DeleteObjects: 0.052600 ms)

========================================================================
Received Import Request.
  Time since last request: 121.672631 seconds.
  path: Assets/Scripts/InteractWithObject.cs
  artifactKey: Guid(de12241b564c9db419935da28e1578ae) Importer(815301076,1909f56bfc062723c751e8b465ee728b)
Start importing Assets/Scripts/InteractWithObject.cs using Guid(de12241b564c9db419935da28e1578ae) Importer(815301076,1909f56bfc062723c751e8b465ee728b)  -> (artifact id: 'e34c1c74eb51798c42215bd967b9c266') in 0.006568 seconds
  Import took 0.008668 seconds .

========================================================================
Received Prepare
Registering precompiled user dll's ...
Registered in 0.000511 seconds.
Begin MonoManager ReloadAssembly
Native extension for WindowsStandalone target not found
Native extension for WebGL target not found
Refreshing native plugins compatible for Editor in 0.18 ms, found 0 plugins.
Preloading 0 native plugins for Editor in 0.00 ms.
Mono: successfully reloaded assembly
- Completed reload, in  0.661 seconds
Platform modules already initialized, skipping
Refreshing native plugins compatible for Editor in 0.22 ms, found 0 plugins.
Preloading 0 native plugins for Editor in 0.00 ms.
Unloading 1118 Unused Serialized files (Serialized files now loaded: 0)
System memory in use before: 88.1 MB.
System memory in use after: 88.1 MB.

Unloading 5 unused Assets to reduce memory usage. Loaded Objects now: 1622.
Total: 1.491500 ms (FindLiveObjects: 0.180700 ms CreateObjectMapping: 0.052600 ms MarkObjects: 1.189700 ms  DeleteObjects: 0.066900 ms)

========================================================================
Received Prepare
Registering precompiled user dll's ...
Registered in 0.000563 seconds.
Begin MonoManager ReloadAssembly
Native extension for WindowsStandalone target not found
Native extension for WebGL target not found
Refreshing native plugins compatible for Editor in 0.18 ms, found 0 plugins.
Preloading 0 native plugins for Editor in 0.00 ms.
Mono: successfully reloaded assembly
- Completed reload, in  0.648 seconds
Platform modules already initialized, skipping
Refreshing native plugins compatible for Editor in 0.20 ms, found 0 plugins.
Preloading 0 native plugins for Editor in 0.00 ms.
Unloading 1118 Unused Serialized files (Serialized files now loaded: 0)
System memory in use before: 88.1 MB.
System memory in use after: 88.2 MB.

Unloading 5 unused Assets to reduce memory usage. Loaded Objects now: 1625.
Total: 1.458600 ms (FindLiveObjects: 0.127800 ms CreateObjectMapping: 0.034100 ms MarkObjects: 1.242000 ms  DeleteObjects: 0.053300 ms)

========================================================================
Received Import Request.
  Time since last request: 312.503973 seconds.
  path: Assets/Scripts/InteractWithObject.cs
  artifactKey: Guid(de12241b564c9db419935da28e1578ae) Importer(815301076,1909f56bfc062723c751e8b465ee728b)
Start importing Assets/Scripts/InteractWithObject.cs using Guid(de12241b564c9db419935da28e1578ae) Importer(815301076,1909f56bfc062723c751e8b465ee728b)  -> (artifact id: '84d42051f51f344999ea0868b700b70c') in 0.002933 seconds
  Import took 0.004506 seconds .

========================================================================
Received Prepare
Registering precompiled user dll's ...
Registered in 0.000506 seconds.
Begin MonoManager ReloadAssembly
Native extension for WindowsStandalone target not found
Native extension for WebGL target not found
Refreshing native plugins compatible for Editor in 0.19 ms, found 0 plugins.
Preloading 0 native plugins for Editor in 0.00 ms.
Mono: successfully reloaded assembly
- Completed reload, in  0.682 seconds
Platform modules already initialized, skipping
Refreshing native plugins compatible for Editor in 0.18 ms, found 0 plugins.
Preloading 0 native plugins for Editor in 0.00 ms.
Unloading 1118 Unused Serialized files (Serialized files now loaded: 0)
System memory in use before: 88.1 MB.
System memory in use after: 88.2 MB.

Unloading 5 unused Assets to reduce memory usage. Loaded Objects now: 1628.
Total: 1.832700 ms (FindLiveObjects: 0.198800 ms CreateObjectMapping: 0.035800 ms MarkObjects: 1.508800 ms  DeleteObjects: 0.088200 ms)

========================================================================
Received Import Request.
  Time since last request: 230.164292 seconds.
  path: Assets/Scripts/InteractWithObject.cs
  artifactKey: Guid(de12241b564c9db419935da28e1578ae) Importer(815301076,1909f56bfc062723c751e8b465ee728b)
Start importing Assets/Scripts/InteractWithObject.cs using Guid(de12241b564c9db419935da28e1578ae) Importer(815301076,1909f56bfc062723c751e8b465ee728b)  -> (artifact id: '44299d2e4226479704570ea7cb58fd88') in 0.003308 seconds
  Import took 0.005072 seconds .

========================================================================
Received Prepare
Registering precompiled user dll's ...
Registered in 0.000533 seconds.
Begin MonoManager ReloadAssembly
Native extension for WindowsStandalone target not found
Native extension for WebGL target not found
Refreshing native plugins compatible for Editor in 0.17 ms, found 0 plugins.
Preloading 0 native plugins for Editor in 0.00 ms.
Mono: successfully reloaded assembly
- Completed reload, in  0.698 seconds
Platform modules already initialized, skipping
Refreshing native plugins compatible for Editor in 0.18 ms, found 0 plugins.
Preloading 0 native plugins for Editor in 0.00 ms.
Unloading 1118 Unused Serialized files (Serialized files now loaded: 0)
System memory in use before: 88.1 MB.
System memory in use after: 88.2 MB.

Unloading 5 unused Assets to reduce memory usage. Loaded Objects now: 1631.
Total: 1.385200 ms (FindLiveObjects: 0.111200 ms CreateObjectMapping: 0.028600 ms MarkObjects: 1.196100 ms  DeleteObjects: 0.048400 ms)

========================================================================
Received Import Request.
  Time since last request: 73.698502 seconds.
  path: Assets/Scripts/InteractWithObject.cs
  artifactKey: Guid(de12241b564c9db419935da28e1578ae) Importer(815301076,1909f56bfc062723c751e8b465ee728b)
Start importing Assets/Scripts/InteractWithObject.cs using Guid(de12241b564c9db419935da28e1578ae) Importer(815301076,1909f56bfc062723c751e8b465ee728b)  -> (artifact id: '65da10c32c213f3a229ed1245f2a3b15') in 0.003499 seconds
  Import took 0.004986 seconds .

========================================================================
Received Prepare
Registering precompiled user dll's ...
Registered in 0.000539 seconds.
Begin MonoManager ReloadAssembly
Native extension for WindowsStandalone target not found
Native extension for WebGL target not found
Refreshing native plugins compatible for Editor in 0.19 ms, found 0 plugins.
Preloading 0 native plugins for Editor in 0.00 ms.
Mono: successfully reloaded assembly
- Completed reload, in  0.710 seconds
Platform modules already initialized, skipping
Refreshing native plugins compatible for Editor in 0.18 ms, found 0 plugins.
Preloading 0 native plugins for Editor in 0.00 ms.
Unloading 1118 Unused Serialized files (Serialized files now loaded: 0)
System memory in use before: 88.1 MB.
System memory in use after: 88.2 MB.

Unloading 5 unused Assets to reduce memory usage. Loaded Objects now: 1634.
Total: 1.845400 ms (FindLiveObjects: 0.159700 ms CreateObjectMapping: 0.035600 ms MarkObjects: 1.584300 ms  DeleteObjects: 0.064700 ms)

========================================================================
Received Prepare
Registering precompiled user dll's ...
Registered in 0.000616 seconds.
Begin MonoManager ReloadAssembly
Native extension for WindowsStandalone target not found
Native extension for WebGL target not found
Refreshing native plugins compatible for Editor in 0.18 ms, found 0 plugins.
Preloading 0 native plugins for Editor in 0.00 ms.
Mono: successfully reloaded assembly
- Completed reload, in  0.711 seconds
Platform modules already initialized, skipping
Refreshing native plugins compatible for Editor in 0.17 ms, found 0 plugins.
Preloading 0 native plugins for Editor in 0.00 ms.
Unloading 1118 Unused Serialized files (Serialized files now loaded: 0)
System memory in use before: 88.1 MB.
System memory in use after: 88.2 MB.

Unloading 5 unused Assets to reduce memory usage. Loaded Objects now: 1637.
Total: 1.891500 ms (FindLiveObjects: 0.184700 ms CreateObjectMapping: 0.050400 ms MarkObjects: 1.563000 ms  DeleteObjects: 0.092100 ms)

========================================================================
Received Import Request.
  Time since last request: 100.381792 seconds.
  path: Assets/Scripts/InteractWithObject.cs
  artifactKey: Guid(de12241b564c9db419935da28e1578ae) Importer(815301076,1909f56bfc062723c751e8b465ee728b)
Start importing Assets/Scripts/InteractWithObject.cs using Guid(de12241b564c9db419935da28e1578ae) Importer(815301076,1909f56bfc062723c751e8b465ee728b)  -> (artifact id: '86a68c9e52c8500a2920e25d2371d171') in 0.003168 seconds
  Import took 0.004962 seconds .

========================================================================
Received Prepare
Registering precompiled user dll's ...
Registered in 0.000526 seconds.
Begin MonoManager ReloadAssembly
Native extension for WindowsStandalone target not found
Native extension for WebGL target not found
Refreshing native plugins compatible for Editor in 0.17 ms, found 0 plugins.
Preloading 0 native plugins for Editor in 0.00 ms.
Mono: successfully reloaded assembly
- Completed reload, in  0.687 seconds
Platform modules already initialized, skipping
Refreshing native plugins compatible for Editor in 0.17 ms, found 0 plugins.
Preloading 0 native plugins for Editor in 0.00 ms.
Unloading 1118 Unused Serialized files (Serialized files now loaded: 0)
System memory in use before: 88.1 MB.
System memory in use after: 88.2 MB.

Unloading 5 unused Assets to reduce memory usage. Loaded Objects now: 1640.
Total: 1.666000 ms (FindLiveObjects: 0.135300 ms CreateObjectMapping: 0.070700 ms MarkObjects: 1.385800 ms  DeleteObjects: 0.073100 ms)

========================================================================
Received Prepare
Registering precompiled user dll's ...
Registered in 0.000512 seconds.
Begin MonoManager ReloadAssembly
Native extension for WindowsStandalone target not found
Native extension for WebGL target not found
Refreshing native plugins compatible for Editor in 0.22 ms, found 0 plugins.
Preloading 0 native plugins for Editor in 0.00 ms.
Mono: successfully reloaded assembly
- Completed reload, in  0.730 seconds
Platform modules already initialized, skipping
Refreshing native plugins compatible for Editor in 0.17 ms, found 0 plugins.
Preloading 0 native plugins for Editor in 0.00 ms.
Unloading 1118 Unused Serialized files (Serialized files now loaded: 0)
System memory in use before: 88.1 MB.
System memory in use after: 88.2 MB.

Unloading 5 unused Assets to reduce memory usage. Loaded Objects now: 1643.
Total: 1.468200 ms (FindLiveObjects: 0.116100 ms CreateObjectMapping: 0.042400 ms MarkObjects: 1.259700 ms  DeleteObjects: 0.049000 ms)

========================================================================
Received Prepare
Registering precompiled user dll's ...
Registered in 0.000654 seconds.
Begin MonoManager ReloadAssembly
Native extension for WindowsStandalone target not found
Native extension for WebGL target not found
Refreshing native plugins compatible for Editor in 0.23 ms, found 0 plugins.
Preloading 0 native plugins for Editor in 0.00 ms.
Mono: successfully reloaded assembly
- Completed reload, in  0.737 seconds
Platform modules already initialized, skipping
Refreshing native plugins compatible for Editor in 0.28 ms, found 0 plugins.
Preloading 0 native plugins for Editor in 0.00 ms.
Unloading 1118 Unused Serialized files (Serialized files now loaded: 0)
System memory in use before: 88.1 MB.
System memory in use after: 88.2 MB.

Unloading 5 unused Assets to reduce memory usage. Loaded Objects now: 1646.
Total: 1.600100 ms (FindLiveObjects: 0.163000 ms CreateObjectMapping: 0.044500 ms MarkObjects: 1.332200 ms  DeleteObjects: 0.059100 ms)

========================================================================
Received Prepare
Registering precompiled user dll's ...
Registered in 0.000544 seconds.
Begin MonoManager ReloadAssembly
Native extension for WindowsStandalone target not found
Native extension for WebGL target not found
Refreshing native plugins compatible for Editor in 0.30 ms, found 0 plugins.
Preloading 0 native plugins for Editor in 0.00 ms.
Mono: successfully reloaded assembly
- Completed reload, in  0.741 seconds
Platform modules already initialized, skipping
Refreshing native plugins compatible for Editor in 0.17 ms, found 0 plugins.
Preloading 0 native plugins for Editor in 0.00 ms.
Unloading 1118 Unused Serialized files (Serialized files now loaded: 0)
System memory in use before: 88.2 MB.
System memory in use after: 88.2 MB.

Unloading 5 unused Assets to reduce memory usage. Loaded Objects now: 1649.
Total: 1.336600 ms (FindLiveObjects: 0.112000 ms CreateObjectMapping: 0.028400 ms MarkObjects: 1.148700 ms  DeleteObjects: 0.046900 ms)

========================================================================
Received Prepare
Registering precompiled user dll's ...
Registered in 0.000487 seconds.
Begin MonoManager ReloadAssembly
Native extension for WindowsStandalone target not found
Native extension for WebGL target not found
Refreshing native plugins compatible for Editor in 0.35 ms, found 0 plugins.
Preloading 0 native plugins for Editor in 0.00 ms.
Mono: successfully reloaded assembly
- Completed reload, in  0.723 seconds
Platform modules already initialized, skipping
Refreshing native plugins compatible for Editor in 0.18 ms, found 0 plugins.
Preloading 0 native plugins for Editor in 0.00 ms.
Unloading 1118 Unused Serialized files (Serialized files now loaded: 0)
System memory in use before: 88.2 MB.
System memory in use after: 88.2 MB.

Unloading 5 unused Assets to reduce memory usage. Loaded Objects now: 1652.
Total: 1.350100 ms (FindLiveObjects: 0.128200 ms CreateObjectMapping: 0.034900 ms MarkObjects: 1.130100 ms  DeleteObjects: 0.055600 ms)

========================================================================
Received Prepare
Registering precompiled user dll's ...
Registered in 0.000733 seconds.
Begin MonoManager ReloadAssembly
Native extension for WindowsStandalone target not found
Native extension for WebGL target not found
Refreshing native plugins compatible for Editor in 0.22 ms, found 0 plugins.
Preloading 0 native plugins for Editor in 0.00 ms.
Mono: successfully reloaded assembly
- Completed reload, in  0.790 seconds
Platform modules already initialized, skipping
Refreshing native plugins compatible for Editor in 0.17 ms, found 0 plugins.
Preloading 0 native plugins for Editor in 0.00 ms.
Unloading 1118 Unused Serialized files (Serialized files now loaded: 0)
System memory in use before: 88.2 MB.
System memory in use after: 88.2 MB.

Unloading 5 unused Assets to reduce memory usage. Loaded Objects now: 1655.
Total: 1.592000 ms (FindLiveObjects: 0.124300 ms CreateObjectMapping: 0.029900 ms MarkObjects: 1.368600 ms  DeleteObjects: 0.068300 ms)

========================================================================
Received Prepare
Registering precompiled user dll's ...
Registered in 0.001012 seconds.
Begin MonoManager ReloadAssembly
Native extension for WindowsStandalone target not found
Native extension for WebGL target not found
Refreshing native plugins compatible for Editor in 0.21 ms, found 0 plugins.
Preloading 0 native plugins for Editor in 0.00 ms.
Mono: successfully reloaded assembly
- Completed reload, in  0.750 seconds
Platform modules already initialized, skipping
Refreshing native plugins compatible for Editor in 0.18 ms, found 0 plugins.
Preloading 0 native plugins for Editor in 0.00 ms.
Unloading 1118 Unused Serialized files (Serialized files now loaded: 0)
System memory in use before: 88.2 MB.
System memory in use after: 88.2 MB.

Unloading 5 unused Assets to reduce memory usage. Loaded Objects now: 1658.
Total: 1.501500 ms (FindLiveObjects: 0.141900 ms CreateObjectMapping: 0.030900 ms MarkObjects: 1.242600 ms  DeleteObjects: 0.084900 ms)

========================================================================
Received Prepare
Registering precompiled user dll's ...
Registered in 0.000642 seconds.
Begin MonoManager ReloadAssembly
Native extension for WindowsStandalone target not found
Native extension for WebGL target not found
Refreshing native plugins compatible for Editor in 0.22 ms, found 0 plugins.
Preloading 0 native plugins for Editor in 0.00 ms.
Mono: successfully reloaded assembly
- Completed reload, in  0.749 seconds
Platform modules already initialized, skipping
Refreshing native plugins compatible for Editor in 0.37 ms, found 0 plugins.
Preloading 0 native plugins for Editor in 0.00 ms.
Unloading 1118 Unused Serialized files (Serialized files now loaded: 0)
System memory in use before: 88.2 MB.
System memory in use after: 88.2 MB.

Unloading 5 unused Assets to reduce memory usage. Loaded Objects now: 1661.
Total: 1.581200 ms (FindLiveObjects: 0.113700 ms CreateObjectMapping: 0.029800 ms MarkObjects: 1.381000 ms  DeleteObjects: 0.055800 ms)

========================================================================
Received Prepare
Registering precompiled user dll's ...
Registered in 0.000866 seconds.
Begin MonoManager ReloadAssembly
Native extension for WindowsStandalone target not found
Native extension for WebGL target not found
Refreshing native plugins compatible for Editor in 0.36 ms, found 0 plugins.
Preloading 0 native plugins for Editor in 0.00 ms.
Mono: successfully reloaded assembly
- Completed reload, in  0.777 seconds
Platform modules already initialized, skipping
Refreshing native plugins compatible for Editor in 0.17 ms, found 0 plugins.
Preloading 0 native plugins for Editor in 0.00 ms.
Unloading 1118 Unused Serialized files (Serialized files now loaded: 0)
System memory in use before: 88.2 MB.
System memory in use after: 88.3 MB.

Unloading 5 unused Assets to reduce memory usage. Loaded Objects now: 1664.
Total: 1.605000 ms (FindLiveObjects: 0.123500 ms CreateObjectMapping: 0.031200 ms MarkObjects: 1.390500 ms  DeleteObjects: 0.059100 ms)

========================================================================
Received Prepare
Registering precompiled user dll's ...
Registered in 0.000648 seconds.
Begin MonoManager ReloadAssembly
Native extension for WindowsStandalone target not found
Native extension for WebGL target not found
Refreshing native plugins compatible for Editor in 0.40 ms, found 0 plugins.
Preloading 0 native plugins for Editor in 0.00 ms.
Mono: successfully reloaded assembly
- Completed reload, in  0.781 seconds
Platform modules already initialized, skipping
Refreshing native plugins compatible for Editor in 0.17 ms, found 0 plugins.
Preloading 0 native plugins for Editor in 0.00 ms.
Unloading 1118 Unused Serialized files (Serialized files now loaded: 0)
System memory in use before: 88.2 MB.
System memory in use after: 88.3 MB.

Unloading 5 unused Assets to reduce memory usage. Loaded Objects now: 1667.
Total: 5.712400 ms (FindLiveObjects: 0.253200 ms CreateObjectMapping: 0.063000 ms MarkObjects: 5.284900 ms  DeleteObjects: 0.109200 ms)

========================================================================
Received Prepare
Registering precompiled user dll's ...
Registered in 0.000626 seconds.
Begin MonoManager ReloadAssembly
Native extension for WindowsStandalone target not found
Native extension for WebGL target not found
Refreshing native plugins compatible for Editor in 0.17 ms, found 0 plugins.
Preloading 0 native plugins for Editor in 0.00 ms.
Mono: successfully reloaded assembly
- Completed reload, in  0.765 seconds
Platform modules already initialized, skipping
Refreshing native plugins compatible for Editor in 0.18 ms, found 0 plugins.
Preloading 0 native plugins for Editor in 0.00 ms.
Unloading 1118 Unused Serialized files (Serialized files now loaded: 0)
System memory in use before: 88.2 MB.
System memory in use after: 88.3 MB.

Unloading 5 unused Assets to reduce memory usage. Loaded Objects now: 1670.
Total: 1.737900 ms (FindLiveObjects: 0.175900 ms CreateObjectMapping: 0.046700 ms MarkObjects: 1.418700 ms  DeleteObjects: 0.094900 ms)

========================================================================
Received Prepare
Registering precompiled user dll's ...
Registered in 0.000563 seconds.
Begin MonoManager ReloadAssembly
Native extension for WindowsStandalone target not found
Native extension for WebGL target not found
Refreshing native plugins compatible for Editor in 0.22 ms, found 0 plugins.
Preloading 0 native plugins for Editor in 0.00 ms.
Mono: successfully reloaded assembly
- Completed reload, in  0.805 seconds
Platform modules already initialized, skipping
Refreshing native plugins compatible for Editor in 0.18 ms, found 0 plugins.
Preloading 0 native plugins for Editor in 0.00 ms.
Unloading 1118 Unused Serialized files (Serialized files now loaded: 0)
System memory in use before: 88.2 MB.
System memory in use after: 88.3 MB.

Unloading 5 unused Assets to reduce memory usage. Loaded Objects now: 1673.
Total: 1.284200 ms (FindLiveObjects: 0.118700 ms CreateObjectMapping: 0.028700 ms MarkObjects: 1.085400 ms  DeleteObjects: 0.050400 ms)

========================================================================
Received Prepare
Registering precompiled user dll's ...
Registered in 0.000496 seconds.
Begin MonoManager ReloadAssembly
Native extension for WindowsStandalone target not found
Native extension for WebGL target not found
Refreshing native plugins compatible for Editor in 0.22 ms, found 0 plugins.
Preloading 0 native plugins for Editor in 0.00 ms.
Mono: successfully reloaded assembly
- Completed reload, in  0.655 seconds
Platform modules already initialized, skipping
Refreshing native plugins compatible for Editor in 0.18 ms, found 0 plugins.
Preloading 0 native plugins for Editor in 0.00 ms.
Unloading 1118 Unused Serialized files (Serialized files now loaded: 0)
System memory in use before: 88.2 MB.
System memory in use after: 88.3 MB.

Unloading 5 unused Assets to reduce memory usage. Loaded Objects now: 1676.
Total: 1.531100 ms (FindLiveObjects: 0.140600 ms CreateObjectMapping: 0.034200 ms MarkObjects: 1.294300 ms  DeleteObjects: 0.061000 ms)

========================================================================
Received Prepare
Registering precompiled user dll's ...
Registered in 0.000508 seconds.
Begin MonoManager ReloadAssembly
Native extension for WindowsStandalone target not found
Native extension for WebGL target not found
Refreshing native plugins compatible for Editor in 0.18 ms, found 0 plugins.
Preloading 0 native plugins for Editor in 0.00 ms.
Mono: successfully reloaded assembly
- Completed reload, in  0.604 seconds
Platform modules already initialized, skipping
Refreshing native plugins compatible for Editor in 0.18 ms, found 0 plugins.
Preloading 0 native plugins for Editor in 0.00 ms.
Unloading 1118 Unused Serialized files (Serialized files now loaded: 0)
System memory in use before: 88.2 MB.
System memory in use after: 88.3 MB.

Unloading 5 unused Assets to reduce memory usage. Loaded Objects now: 1679.
Total: 1.516800 ms (FindLiveObjects: 0.126700 ms CreateObjectMapping: 0.029500 ms MarkObjects: 1.302900 ms  DeleteObjects: 0.056400 ms)

AssetImportWorkerClient::OnTransportError - code=2 error=End of file
